Server has started on port 3000
Database connection successful
Sun Jun 16 2019 22:27:21 GMT+0000 (UTC) => /register/, [object Object]
{ name: 'b', email: 'b', username: 'b', password: 'b' }
PEDIDO
[object Object]
message sent!
 [x] Received newUser:b;b;;b
string
[ 'newUser', 'b;b;;b' ]
Sun Jun 16 2019 22:27:27 GMT+0000 (UTC) => /token/, [object Object]
Sun Jun 16 2019 22:31:03 GMT+0000 (UTC) => /register/, [object Object]
{ name: 'a', email: 'a', username: 'a', password: 'a' }
PEDIDO
[object Object]
message sent!
Sun Jun 16 2019 22:32:28 GMT+0000 (UTC) => /token/, [object Object]
Sun Jun 16 2019 22:33:05 GMT+0000 (UTC) => /token/, [object Object]
Sun Jun 16 2019 22:34:37 GMT+0000 (UTC) => /token/, [object Object]
Sun Jun 16 2019 22:40:36 GMT+0000 (UTC) => /token/, [object Object]
Sun Jun 16 2019 22:42:20 GMT+0000 (UTC) => /token/, [object Object]
