[14 Mar 2019 10:46:15] Building database metadata model
[14 Mar 2019 10:46:15] Properties: {partialRefresh=false, processColumnsUsingSelect=, includePrimaryKeys=true, eventSocketClient=com.webratio.commons.net.EventSocketClient@1d8f59e3, includeTables=true, username=root, outputLogPath=C:\WebRatio\WebRatio Community Platform 7.2.17.x64bit\workspace\BetESS\.Temp~\DB.xml.log, readIndexes=null, driverClass=com.mysql.jdbc.Driver, includeSynonyms=true, metaDataProviderClass=com.webratio.commons.db.metadata.MySQLMetaDataProvider, outputPath=C:\WebRatio\WebRatio Community Platform 7.2.17.x64bit\workspace\BetESS\.Temp~\DB.xml, schemaRegex=null, readProcedures=null, includeViews=true, derby.system.home=C:\WebRatio\WebRatio Community Platform 7.2.17.x64bit\workspace\.metadata\.plugins\com.webratio.commons.db\derby, url=jdbc:mysql://localhost:3306/betess, tableRegex=null, readSQLDefinitions=true, includeForeignKeys=true, retrieveAllNames=false, tablesToRefresh=, eventSocketPort=52671}
[14 Mar 2019 10:46:15] URL: jdbc:mysql://localhost:3306/betess
[14 Mar 2019 10:46:15] Product name: MySQL
[14 Mar 2019 10:46:15] Product version: 5.7.23-log
[14 Mar 2019 10:46:15] Driver name: MySQL Connector Java
[14 Mar 2019 10:46:15] Driver version: mysql-connector-java-5.1.31 ( Revision: alexander.soklakov@oracle.com-20140520065950-groqzzbvxprqdmnz )
[14 Mar 2019 10:46:15] Driver major version: 5
[14 Mar 2019 10:46:15] Driver minor version: 1
[14 Mar 2019 10:46:15] Identifier quote string: 1
[14 Mar 2019 10:46:15] Retrieving schemas
[14 Mar 2019 10:46:15] Retrieving [TABLE, VIEW, SYNONYM] for schema ''
[14 Mar 2019 10:46:15]   Found 'bet' [type = TABLE]
[14 Mar 2019 10:46:15]   Found 'event' [type = TABLE]
[14 Mar 2019 10:46:15]   Found 'league' [type = TABLE]
[14 Mar 2019 10:46:15]   Found 'notification' [type = TABLE]
[14 Mar 2019 10:46:15]   Found 'player' [type = TABLE]
[14 Mar 2019 10:46:15]   Found 'sport' [type = TABLE]
[14 Mar 2019 10:46:15]   Found 'team' [type = TABLE]
[14 Mar 2019 10:46:15]   Found 'team_league' [type = TABLE]
[14 Mar 2019 10:46:15] Retrieving columns for 'bet' [type = TABLE]
[14 Mar 2019 10:46:15]   Found column: id [type = INT][SQL/XOPEN type = 4][size = 10][dec. digits = 0]
[14 Mar 2019 10:46:15]   Found column: amount [type = NUMERIC][SQL/XOPEN type = 2][size = 9][dec. digits = 2]
[14 Mar 2019 10:46:15]   Found column: result [type = VARCHAR][SQL/XOPEN type = 12][size = 45][dec. digits = 0]
[14 Mar 2019 10:46:15]   Found column: Player_id [type = INT][SQL/XOPEN type = 4][size = 10][dec. digits = 0]
[14 Mar 2019 10:46:15]   Found column: Event_id [type = INT][SQL/XOPEN type = 4][size = 10][dec. digits = 0]
[14 Mar 2019 10:46:15] Retrieving primary keys for 'bet' [type = TABLE]
[14 Mar 2019 10:46:15]   Found primary key column: id
[14 Mar 2019 10:46:15] Retrieving columns for 'event' [type = TABLE]
[14 Mar 2019 10:46:15]   Found column: id [type = INT][SQL/XOPEN type = 4][size = 10][dec. digits = 0]
[14 Mar 2019 10:46:15]   Found column: status [type = VARCHAR][SQL/XOPEN type = 12][size = 45][dec. digits = 0]
[14 Mar 2019 10:46:15]   Found column: result [type = VARCHAR][SQL/XOPEN type = 12][size = 45][dec. digits = 0]
[14 Mar 2019 10:46:15]   Found column: odd_home [type = NUMERIC][SQL/XOPEN type = 2][size = 5][dec. digits = 2]
[14 Mar 2019 10:46:15]   Found column: odd_away [type = NUMERIC][SQL/XOPEN type = 2][size = 5][dec. digits = 2]
[14 Mar 2019 10:46:15]   Found column: odd_draw [type = NUMERIC][SQL/XOPEN type = 2][size = 5][dec. digits = 2]
[14 Mar 2019 10:46:15]   Found column: Team1_id [type = INT][SQL/XOPEN type = 4][size = 10][dec. digits = 0]
[14 Mar 2019 10:46:15]   Found column: Team2_id [type = INT][SQL/XOPEN type = 4][size = 10][dec. digits = 0]
[14 Mar 2019 10:46:15]   Found column: Sport_id [type = INT][SQL/XOPEN type = 4][size = 10][dec. digits = 0]
[14 Mar 2019 10:46:15] Retrieving primary keys for 'event' [type = TABLE]
[14 Mar 2019 10:46:15]   Found primary key column: id
[14 Mar 2019 10:46:15] Retrieving columns for 'league' [type = TABLE]
[14 Mar 2019 10:46:15]   Found column: id [type = INT][SQL/XOPEN type = 4][size = 10][dec. digits = 0]
[14 Mar 2019 10:46:15]   Found column: name [type = VARCHAR][SQL/XOPEN type = 12][size = 45][dec. digits = 0]
[14 Mar 2019 10:46:15]   Found column: Sport_id [type = INT][SQL/XOPEN type = 4][size = 10][dec. digits = 0]
[14 Mar 2019 10:46:15] Retrieving primary keys for 'league' [type = TABLE]
[14 Mar 2019 10:46:15]   Found primary key column: id
[14 Mar 2019 10:46:15] Retrieving columns for 'notification' [type = TABLE]
[14 Mar 2019 10:46:15]   Found column: id [type = INT][SQL/XOPEN type = 4][size = 10][dec. digits = 0]
[14 Mar 2019 10:46:15]   Found column: status [type = VARCHAR][SQL/XOPEN type = 12][size = 45][dec. digits = 0]
[14 Mar 2019 10:46:15]   Found column: balanceBet [type = NUMERIC][SQL/XOPEN type = 2][size = 9][dec. digits = 2]
[14 Mar 2019 10:46:15]   Found column: Player_id [type = INT][SQL/XOPEN type = 4][size = 10][dec. digits = 0]
[14 Mar 2019 10:46:15] Retrieving primary keys for 'notification' [type = TABLE]
[14 Mar 2019 10:46:15]   Found primary key column: id
[14 Mar 2019 10:46:15] Retrieving columns for 'player' [type = TABLE]
[14 Mar 2019 10:46:15]   Found column: id [type = INT][SQL/XOPEN type = 4][size = 10][dec. digits = 0]
[14 Mar 2019 10:46:15]   Found column: name [type = VARCHAR][SQL/XOPEN type = 12][size = 45][dec. digits = 0]
[14 Mar 2019 10:46:15]   Found column: phoneNo [type = INT][SQL/XOPEN type = 4][size = 10][dec. digits = 0]
[14 Mar 2019 10:46:15]   Found column: email [type = VARCHAR][SQL/XOPEN type = 12][size = 45][dec. digits = 0]
[14 Mar 2019 10:46:15]   Found column: password [type = VARCHAR][SQL/XOPEN type = 12][size = 20][dec. digits = 0]
[14 Mar 2019 10:46:15]   Found column: balance [type = NUMERIC][SQL/XOPEN type = 2][size = 9][dec. digits = 2]
[14 Mar 2019 10:46:15] Retrieving primary keys for 'player' [type = TABLE]
[14 Mar 2019 10:46:15]   Found primary key column: id
[14 Mar 2019 10:46:15] Retrieving columns for 'sport' [type = TABLE]
[14 Mar 2019 10:46:15]   Found column: id [type = INT][SQL/XOPEN type = 4][size = 10][dec. digits = 0]
[14 Mar 2019 10:46:15]   Found column: name [type = VARCHAR][SQL/XOPEN type = 12][size = 45][dec. digits = 0]
[14 Mar 2019 10:46:15] Retrieving primary keys for 'sport' [type = TABLE]
[14 Mar 2019 10:46:15]   Found primary key column: id
[14 Mar 2019 10:46:15] Retrieving columns for 'team' [type = TABLE]
[14 Mar 2019 10:46:16]   Found column: id [type = INT][SQL/XOPEN type = 4][size = 10][dec. digits = 0]
[14 Mar 2019 10:46:16]   Found column: name [type = VARCHAR][SQL/XOPEN type = 12][size = 45][dec. digits = 0]
[14 Mar 2019 10:46:16] Retrieving primary keys for 'team' [type = TABLE]
[14 Mar 2019 10:46:16]   Found primary key column: id
[14 Mar 2019 10:46:16] Retrieving columns for 'team_league' [type = TABLE]
[14 Mar 2019 10:46:16]   Found column: id [type = INT][SQL/XOPEN type = 4][size = 10][dec. digits = 0]
[14 Mar 2019 10:46:16]   Found column: Team_id [type = INT][SQL/XOPEN type = 4][size = 10][dec. digits = 0]
[14 Mar 2019 10:46:16]   Found column: League_id [type = INT][SQL/XOPEN type = 4][size = 10][dec. digits = 0]
[14 Mar 2019 10:46:16] Retrieving primary keys for 'team_league' [type = TABLE]
[14 Mar 2019 10:46:16]   Found primary key column: id
[14 Mar 2019 10:46:16] Retrieving foreign keys for 'bet' [type = TABLE]
[14 Mar 2019 10:46:16]   Found foreign key: column Event_id references event(id)
[14 Mar 2019 10:46:16]   Found foreign key: column Player_id references player(id)
[14 Mar 2019 10:46:16] Retrieving foreign keys for 'event' [type = TABLE]
[14 Mar 2019 10:46:16]   Found foreign key: column Sport_id references sport(id)
[14 Mar 2019 10:46:16]   Found foreign key: column Team1_id references team(id)
[14 Mar 2019 10:46:16]   Found foreign key: column Team2_id references team(id)
[14 Mar 2019 10:46:16] Retrieving foreign keys for 'league' [type = TABLE]
[14 Mar 2019 10:46:16]   Found foreign key: column Sport_id references sport(id)
[14 Mar 2019 10:46:16] Retrieving foreign keys for 'notification' [type = TABLE]
[14 Mar 2019 10:46:16]   Found foreign key: column Player_id references player(id)
[14 Mar 2019 10:46:16] Retrieving foreign keys for 'player' [type = TABLE]
[14 Mar 2019 10:46:16] Retrieving foreign keys for 'sport' [type = TABLE]
[14 Mar 2019 10:46:16] Retrieving foreign keys for 'team' [type = TABLE]
[14 Mar 2019 10:46:16] Retrieving foreign keys for 'team_league' [type = TABLE]
[14 Mar 2019 10:46:16]   Found foreign key: column League_id references league(id)
[14 Mar 2019 10:46:16]   Found foreign key: column Team_id references team(id)
[14 Mar 2019 10:46:16] Database metadata retrieved (316 ms)
[14 Mar 2019 10:46:16] Retrieving auto-increment columns for 'bet' [type = TABLE]
[14 Mar 2019 10:46:16] Retrieving auto-increment columns for 'event' [type = TABLE]
[14 Mar 2019 10:46:16] Retrieving auto-increment columns for 'league' [type = TABLE]
[14 Mar 2019 10:46:16] Retrieving auto-increment columns for 'notification' [type = TABLE]
[14 Mar 2019 10:46:16] Retrieving auto-increment columns for 'player' [type = TABLE]
[14 Mar 2019 10:46:16] Retrieving auto-increment columns for 'sport' [type = TABLE]
[14 Mar 2019 10:46:16] Retrieving auto-increment columns for 'team' [type = TABLE]
[14 Mar 2019 10:46:16] Retrieving auto-increment columns for 'team_league' [type = TABLE]
[14 Mar 2019 10:46:16] Database connection closed
