[20 Mar 2019 16:19:28] Building database metadata model
[20 Mar 2019 16:19:28] Properties: {partialRefresh=false, processColumnsUsingSelect=, includePrimaryKeys=true, eventSocketClient=com.webratio.commons.net.EventSocketClient@6a8c436b, includeTables=true, username=root, outputLogPath=/Users/marcosilva/Repositories/Web_Engineering_BetESS/webRatio/BetESS-NEW/.Temp~/DB.xml.log, readIndexes=null, driverClass=com.mysql.jdbc.Driver, includeSynonyms=true, metaDataProviderClass=com.webratio.commons.db.metadata.MySQLMetaDataProvider, outputPath=/Users/marcosilva/Repositories/Web_Engineering_BetESS/webRatio/BetESS-NEW/.Temp~/DB.xml, schemaRegex=null, readProcedures=null, includeViews=true, derby.system.home=/Applications/WebRatio_Community_Platform_7.2.17.x64bit.MacOSX/WebRatio/WebRatio.app/Contents/MacOS/workspace/.metadata/.plugins/com.webratio.commons.db/derby, url=jdbc:mysql://localhost:3306/betess, tableRegex=null, readSQLDefinitions=true, includeForeignKeys=false, retrieveAllNames=false, tablesToRefresh=, eventSocketPort=49847}
[20 Mar 2019 16:19:28] URL: jdbc:mysql://localhost:3306/betess
[20 Mar 2019 16:19:28] Product name: MySQL
[20 Mar 2019 16:19:28] Product version: 5.7.25
[20 Mar 2019 16:19:28] Driver name: MySQL Connector Java
[20 Mar 2019 16:19:28] Driver version: mysql-connector-java-5.1.31 ( Revision: alexander.soklakov@oracle.com-20140520065950-groqzzbvxprqdmnz )
[20 Mar 2019 16:19:28] Driver major version: 5
[20 Mar 2019 16:19:28] Driver minor version: 1
[20 Mar 2019 16:19:28] Identifier quote string: 1
[20 Mar 2019 16:19:28] Retrieving schemas
[20 Mar 2019 16:19:28] Retrieving [TABLE, VIEW, SYNONYM] for schema ''
[20 Mar 2019 16:19:28]   Found 'bet' [type = TABLE]
[20 Mar 2019 16:19:28]   Found 'event' [type = TABLE]
[20 Mar 2019 16:19:28]   Found 'group' [type = TABLE]
[20 Mar 2019 16:19:28]   Found 'group_module' [type = TABLE]
[20 Mar 2019 16:19:28]   Found 'league' [type = TABLE]
[20 Mar 2019 16:19:28]   Found 'module' [type = TABLE]
[20 Mar 2019 16:19:28]   Found 'notification' [type = TABLE]
[20 Mar 2019 16:19:28]   Found 'player' [type = TABLE]
[20 Mar 2019 16:19:28]   Found 'sport' [type = TABLE]
[20 Mar 2019 16:19:28]   Found 'team' [type = TABLE]
[20 Mar 2019 16:19:28]   Found 'team_league' [type = TABLE]
[20 Mar 2019 16:19:28]   Found 'user' [type = TABLE]
[20 Mar 2019 16:19:28]   Found 'user_group' [type = TABLE]
[20 Mar 2019 16:19:28] Retrieving columns for 'bet' [type = TABLE]
[20 Mar 2019 16:19:28]   Found column: oid [type = INT][SQL/XOPEN type = 4][size = 10][dec. digits = 0]
[20 Mar 2019 16:19:28]   Found column: result [type = VARCHAR][SQL/XOPEN type = 12][size = 255][dec. digits = 0]
[20 Mar 2019 16:19:28]   Found column: amount [type = NUMERIC][SQL/XOPEN type = 2][size = 19][dec. digits = 2]
[20 Mar 2019 16:19:28] Retrieving primary keys for 'bet' [type = TABLE]
[20 Mar 2019 16:19:28]   Found primary key column: oid
[20 Mar 2019 16:19:28] Retrieving columns for 'event' [type = TABLE]
[20 Mar 2019 16:19:28]   Found column: oid [type = INT][SQL/XOPEN type = 4][size = 10][dec. digits = 0]
[20 Mar 2019 16:19:28]   Found column: odddraw [type = NUMERIC][SQL/XOPEN type = 2][size = 19][dec. digits = 2]
[20 Mar 2019 16:19:28]   Found column: oddaway [type = NUMERIC][SQL/XOPEN type = 2][size = 19][dec. digits = 2]
[20 Mar 2019 16:19:28]   Found column: oddhome [type = NUMERIC][SQL/XOPEN type = 2][size = 19][dec. digits = 2]
[20 Mar 2019 16:19:28]   Found column: result [type = VARCHAR][SQL/XOPEN type = 12][size = 255][dec. digits = 0]
[20 Mar 2019 16:19:28]   Found column: status [type = VARCHAR][SQL/XOPEN type = 12][size = 255][dec. digits = 0]
[20 Mar 2019 16:19:28]   Found column: bet_oid [type = INT][SQL/XOPEN type = 4][size = 10][dec. digits = 0]
[20 Mar 2019 16:19:28] Retrieving primary keys for 'event' [type = TABLE]
[20 Mar 2019 16:19:28]   Found primary key column: oid
[20 Mar 2019 16:19:28] Retrieving columns for 'group' [type = TABLE]
[20 Mar 2019 16:19:28]   Found column: oid [type = INT][SQL/XOPEN type = 4][size = 10][dec. digits = 0]
[20 Mar 2019 16:19:28]   Found column: groupname [type = VARCHAR][SQL/XOPEN type = 12][size = 255][dec. digits = 0]
[20 Mar 2019 16:19:28]   Found column: module_oid [type = INT][SQL/XOPEN type = 4][size = 10][dec. digits = 0]
[20 Mar 2019 16:19:28] Retrieving primary keys for 'group' [type = TABLE]
[20 Mar 2019 16:19:28]   Found primary key column: oid
[20 Mar 2019 16:19:28] Retrieving columns for 'group_module' [type = TABLE]
[20 Mar 2019 16:19:28]   Found column: group_oid [type = INT][SQL/XOPEN type = 4][size = 10][dec. digits = 0]
[20 Mar 2019 16:19:28]   Found column: module_oid [type = INT][SQL/XOPEN type = 4][size = 10][dec. digits = 0]
[20 Mar 2019 16:19:28] Retrieving primary keys for 'group_module' [type = TABLE]
[20 Mar 2019 16:19:28]   Found primary key column: group_oid
[20 Mar 2019 16:19:28]   Found primary key column: module_oid
[20 Mar 2019 16:19:28] Retrieving columns for 'league' [type = TABLE]
[20 Mar 2019 16:19:28]   Found column: oid [type = INT][SQL/XOPEN type = 4][size = 10][dec. digits = 0]
[20 Mar 2019 16:19:28]   Found column: name [type = VARCHAR][SQL/XOPEN type = 12][size = 255][dec. digits = 0]
[20 Mar 2019 16:19:28] Retrieving primary keys for 'league' [type = TABLE]
[20 Mar 2019 16:19:28]   Found primary key column: oid
[20 Mar 2019 16:19:28] Retrieving columns for 'module' [type = TABLE]
[20 Mar 2019 16:19:28]   Found column: oid [type = INT][SQL/XOPEN type = 4][size = 10][dec. digits = 0]
[20 Mar 2019 16:19:28]   Found column: moduleid [type = VARCHAR][SQL/XOPEN type = 12][size = 255][dec. digits = 0]
[20 Mar 2019 16:19:28]   Found column: modulename [type = VARCHAR][SQL/XOPEN type = 12][size = 255][dec. digits = 0]
[20 Mar 2019 16:19:28] Retrieving primary keys for 'module' [type = TABLE]
[20 Mar 2019 16:19:28]   Found primary key column: oid
[20 Mar 2019 16:19:28] Retrieving columns for 'notification' [type = TABLE]
[20 Mar 2019 16:19:28]   Found column: oid [type = INT][SQL/XOPEN type = 4][size = 10][dec. digits = 0]
[20 Mar 2019 16:19:28]   Found column: balancebet [type = NUMERIC][SQL/XOPEN type = 2][size = 19][dec. digits = 2]
[20 Mar 2019 16:19:28]   Found column: status [type = VARCHAR][SQL/XOPEN type = 12][size = 255][dec. digits = 0]
[20 Mar 2019 16:19:28] Retrieving primary keys for 'notification' [type = TABLE]
[20 Mar 2019 16:19:28]   Found primary key column: oid
[20 Mar 2019 16:19:28] Retrieving columns for 'player' [type = TABLE]
[20 Mar 2019 16:19:28]   Found column: oid [type = INT][SQL/XOPEN type = 4][size = 10][dec. digits = 0]
[20 Mar 2019 16:19:28]   Found column: balance [type = NUMERIC][SQL/XOPEN type = 2][size = 19][dec. digits = 2]
[20 Mar 2019 16:19:28]   Found column: phoneno [type = VARCHAR][SQL/XOPEN type = 12][size = 255][dec. digits = 0]
[20 Mar 2019 16:19:28]   Found column: name [type = VARCHAR][SQL/XOPEN type = 12][size = 255][dec. digits = 0]
[20 Mar 2019 16:19:28]   Found column: bet_oid [type = INT][SQL/XOPEN type = 4][size = 10][dec. digits = 0]
[20 Mar 2019 16:19:28]   Found column: notification_oid [type = INT][SQL/XOPEN type = 4][size = 10][dec. digits = 0]
[20 Mar 2019 16:19:28]   Found column: user_oid [type = INT][SQL/XOPEN type = 4][size = 10][dec. digits = 0]
[20 Mar 2019 16:19:28] Retrieving primary keys for 'player' [type = TABLE]
[20 Mar 2019 16:19:28]   Found primary key column: oid
[20 Mar 2019 16:19:28] Retrieving columns for 'sport' [type = TABLE]
[20 Mar 2019 16:19:28]   Found column: oid [type = INT][SQL/XOPEN type = 4][size = 10][dec. digits = 0]
[20 Mar 2019 16:19:28]   Found column: name [type = VARCHAR][SQL/XOPEN type = 12][size = 255][dec. digits = 0]
[20 Mar 2019 16:19:28]   Found column: event_oid [type = INT][SQL/XOPEN type = 4][size = 10][dec. digits = 0]
[20 Mar 2019 16:19:28]   Found column: league_oid [type = INT][SQL/XOPEN type = 4][size = 10][dec. digits = 0]
[20 Mar 2019 16:19:28] Retrieving primary keys for 'sport' [type = TABLE]
[20 Mar 2019 16:19:28]   Found primary key column: oid
[20 Mar 2019 16:19:28] Retrieving columns for 'team' [type = TABLE]
[20 Mar 2019 16:19:28]   Found column: oid [type = INT][SQL/XOPEN type = 4][size = 10][dec. digits = 0]
[20 Mar 2019 16:19:28]   Found column: name [type = VARCHAR][SQL/XOPEN type = 12][size = 255][dec. digits = 0]
[20 Mar 2019 16:19:28]   Found column: event_oid [type = INT][SQL/XOPEN type = 4][size = 10][dec. digits = 0]
[20 Mar 2019 16:19:28] Retrieving primary keys for 'team' [type = TABLE]
[20 Mar 2019 16:19:28]   Found primary key column: oid
[20 Mar 2019 16:19:28] Retrieving columns for 'team_league' [type = TABLE]
[20 Mar 2019 16:19:28]   Found column: team_oid [type = INT][SQL/XOPEN type = 4][size = 10][dec. digits = 0]
[20 Mar 2019 16:19:28]   Found column: league_oid [type = INT][SQL/XOPEN type = 4][size = 10][dec. digits = 0]
[20 Mar 2019 16:19:28] Retrieving primary keys for 'team_league' [type = TABLE]
[20 Mar 2019 16:19:28]   Found primary key column: team_oid
[20 Mar 2019 16:19:28]   Found primary key column: league_oid
[20 Mar 2019 16:19:28] Retrieving columns for 'user' [type = TABLE]
[20 Mar 2019 16:19:28]   Found column: oid [type = INT][SQL/XOPEN type = 4][size = 10][dec. digits = 0]
[20 Mar 2019 16:19:28]   Found column: username [type = VARCHAR][SQL/XOPEN type = 12][size = 255][dec. digits = 0]
[20 Mar 2019 16:19:28]   Found column: password [type = VARCHAR][SQL/XOPEN type = 12][size = 255][dec. digits = 0]
[20 Mar 2019 16:19:28]   Found column: email [type = VARCHAR][SQL/XOPEN type = 12][size = 255][dec. digits = 0]
[20 Mar 2019 16:19:28]   Found column: group_oid [type = INT][SQL/XOPEN type = 4][size = 10][dec. digits = 0]
[20 Mar 2019 16:19:28] Retrieving primary keys for 'user' [type = TABLE]
[20 Mar 2019 16:19:28]   Found primary key column: oid
[20 Mar 2019 16:19:28] Retrieving columns for 'user_group' [type = TABLE]
[20 Mar 2019 16:19:28]   Found column: user_oid [type = INT][SQL/XOPEN type = 4][size = 10][dec. digits = 0]
[20 Mar 2019 16:19:28]   Found column: group_oid [type = INT][SQL/XOPEN type = 4][size = 10][dec. digits = 0]
[20 Mar 2019 16:19:28] Retrieving primary keys for 'user_group' [type = TABLE]
[20 Mar 2019 16:19:28]   Found primary key column: user_oid
[20 Mar 2019 16:19:28]   Found primary key column: group_oid
[20 Mar 2019 16:19:28] Database metadata retrieved (91 ms)
[20 Mar 2019 16:19:28] Retrieving auto-increment columns for 'bet' [type = TABLE]
[20 Mar 2019 16:19:28] Retrieving auto-increment columns for 'event' [type = TABLE]
[20 Mar 2019 16:19:28] Retrieving auto-increment columns for 'group' [type = TABLE]
[20 Mar 2019 16:19:28] Retrieving auto-increment columns for 'group_module' [type = TABLE]
[20 Mar 2019 16:19:28] Retrieving auto-increment columns for 'league' [type = TABLE]
[20 Mar 2019 16:19:28] Retrieving auto-increment columns for 'module' [type = TABLE]
[20 Mar 2019 16:19:28] Retrieving auto-increment columns for 'notification' [type = TABLE]
[20 Mar 2019 16:19:28] Retrieving auto-increment columns for 'player' [type = TABLE]
[20 Mar 2019 16:19:28] Retrieving auto-increment columns for 'sport' [type = TABLE]
[20 Mar 2019 16:19:28] Retrieving auto-increment columns for 'team' [type = TABLE]
[20 Mar 2019 16:19:28] Retrieving auto-increment columns for 'team_league' [type = TABLE]
[20 Mar 2019 16:19:28] Retrieving auto-increment columns for 'user' [type = TABLE]
[20 Mar 2019 16:19:28] Retrieving auto-increment columns for 'user_group' [type = TABLE]
[20 Mar 2019 16:19:28] Database connection closed
