Server has started on port 3000
Database connection successful
 [x] Received newUser:b;b;;b
string
[ 'newUser', 'b;b;;b' ]
Wed Jun 19 2019 00:09:47 GMT+0000 (UTC) => /bets/, [object Object]
{ authorization: 'eyJhbGciOiJSUzI1NiIsInR5cCI6IkpXVCJ9.eyJ1c2VyX2lkIjoxLCJwcmVtaXVtIjpmYWxzZSwiaWF0IjoxNTYwOTAyOTM3fQ.cYD5V9RtwVVr57md1cFA2ixuh06zSZey0Ep9MnaIUhkLR7TxNw87F3UZRuuzuzuB7xUC6JoTYRXrTzNAt1MgDA',
  role: 'admin',
  command: 'getBets' }
{ user_id: 1, premium: false, iat: 1560902937 }
Wed Jun 19 2019 00:09:59 GMT+0000 (UTC) => /bets/, [object Object]
{ amount: '2',
  result: 'winAway',
  event_id: 1,
  command: 'postBet',
  authorization: 'eyJhbGciOiJSUzI1NiIsInR5cCI6IkpXVCJ9.eyJ1c2VyX2lkIjoxLCJwcmVtaXVtIjpmYWxzZSwiaWF0IjoxNTYwOTAyOTM3fQ.cYD5V9RtwVVr57md1cFA2ixuh06zSZey0Ep9MnaIUhkLR7TxNw87F3UZRuuzuzuB7xUC6JoTYRXrTzNAt1MgDA' }
{ user_id: 1, premium: false, iat: 1560902937 }
user balance: 5
bet amount: 2
alterando o balance
Wed Jun 19 2019 00:10:07 GMT+0000 (UTC) => /bets/, [object Object]
{ amount: '1',
  result: 'draw',
  event_id: 1,
  command: 'postBet',
  authorization: 'eyJhbGciOiJSUzI1NiIsInR5cCI6IkpXVCJ9.eyJ1c2VyX2lkIjoxLCJwcmVtaXVtIjpmYWxzZSwiaWF0IjoxNTYwOTAyOTM3fQ.cYD5V9RtwVVr57md1cFA2ixuh06zSZey0Ep9MnaIUhkLR7TxNw87F3UZRuuzuzuB7xUC6JoTYRXrTzNAt1MgDA' }
{ user_id: 1, premium: false, iat: 1560902937 }
user balance: 3
bet amount: 1
alterando o balance
Wed Jun 19 2019 00:10:13 GMT+0000 (UTC) => /bets/, [object Object]
{ authorization: 'eyJhbGciOiJSUzI1NiIsInR5cCI6IkpXVCJ9.eyJ1c2VyX2lkIjoxLCJwcmVtaXVtIjpmYWxzZSwiaWF0IjoxNTYwOTAyOTM3fQ.cYD5V9RtwVVr57md1cFA2ixuh06zSZey0Ep9MnaIUhkLR7TxNw87F3UZRuuzuzuB7xUC6JoTYRXrTzNAt1MgDA',
  role: 'user',
  command: 'getBets' }
{ user_id: 1, premium: false, iat: 1560902937 }
Wed Jun 19 2019 00:14:45 GMT+0000 (UTC) => /bets/, [object Object]
{ authorization: 'eyJhbGciOiJSUzI1NiIsInR5cCI6IkpXVCJ9.eyJ1c2VyX2lkIjoxLCJwcmVtaXVtIjpmYWxzZSwiaWF0IjoxNTYwOTAyOTM3fQ.cYD5V9RtwVVr57md1cFA2ixuh06zSZey0Ep9MnaIUhkLR7TxNw87F3UZRuuzuzuB7xUC6JoTYRXrTzNAt1MgDA',
  role: 'user',
  command: 'getBets' }
{ user_id: 1, premium: false, iat: 1560902937 }
Wed Jun 19 2019 00:14:54 GMT+0000 (UTC) => /bets/, [object Object]
{ authorization: '', role: 'user', command: 'getBets' }
Wed Jun 19 2019 00:15:20 GMT+0000 (UTC) => /bets/, [object Object]
{ authorization: '', role: 'user', command: 'getBets' }
Wed Jun 19 2019 00:15:34 GMT+0000 (UTC) => /bets/, [object Object]
{ authorization: 'eyJhbGciOiJSUzI1NiIsInR5cCI6IkpXVCJ9.eyJ1c2VyX2lkIjoxLCJwcmVtaXVtIjpmYWxzZSwiaWF0IjoxNTYwOTAzMzMyfQ.qOGfTX8722V41PajJr4VnGaRhMHGKjabWYJSqLS85ZAx9eAeX6yf6DkpUvsjsT1GYnh-SizFi1NS75WjVHG7sw',
  role: 'user',
  command: 'getBets' }
{ user_id: 1, premium: false, iat: 1560903332 }
Wed Jun 19 2019 00:15:40 GMT+0000 (UTC) => /bets/, [object Object]
{ bet_id: 2,
  authorization: 'eyJhbGciOiJSUzI1NiIsInR5cCI6IkpXVCJ9.eyJ1c2VyX2lkIjoxLCJwcmVtaXVtIjpmYWxzZSwiaWF0IjoxNTYwOTAzMzMyfQ.qOGfTX8722V41PajJr4VnGaRhMHGKjabWYJSqLS85ZAx9eAeX6yf6DkpUvsjsT1GYnh-SizFi1NS75WjVHG7sw',
  command: 'cashout' }
{ user_id: 1, premium: false, iat: 1560903332 }
Wed Jun 19 2019 00:15:49 GMT+0000 (UTC) => /users/, [object Object]
{ authorization: 'eyJhbGciOiJSUzI1NiIsInR5cCI6IkpXVCJ9.eyJ1c2VyX2lkIjoxLCJwcmVtaXVtIjpmYWxzZSwiaWF0IjoxNTYwOTAzMzMyfQ.qOGfTX8722V41PajJr4VnGaRhMHGKjabWYJSqLS85ZAx9eAeX6yf6DkpUvsjsT1GYnh-SizFi1NS75WjVHG7sw',
  command: 'getUser' }
{ user_id: 1, premium: false, iat: 1560903332 }
1
1
{ email: 'b',
  name: 'b',
  phoneno: '',
  balance: 2.5,
  premium: false,
  username: 'b',
  user_id: 1 }
Wed Jun 19 2019 00:16:08 GMT+0000 (UTC) => /bets/, [object Object]
{ authorization: 'eyJhbGciOiJSUzI1NiIsInR5cCI6IkpXVCJ9.eyJ1c2VyX2lkIjoxLCJwcmVtaXVtIjpmYWxzZSwiaWF0IjoxNTYwOTAzMzMyfQ.qOGfTX8722V41PajJr4VnGaRhMHGKjabWYJSqLS85ZAx9eAeX6yf6DkpUvsjsT1GYnh-SizFi1NS75WjVHG7sw',
  role: 'user',
  command: 'getBets' }
{ user_id: 1, premium: false, iat: 1560903332 }
Wed Jun 19 2019 00:16:24 GMT+0000 (UTC) => /users/, [object Object]
{ authorization: 'eyJhbGciOiJSUzI1NiIsInR5cCI6IkpXVCJ9.eyJ1c2VyX2lkIjoxLCJwcmVtaXVtIjpmYWxzZSwiaWF0IjoxNTYwOTAzMzMyfQ.qOGfTX8722V41PajJr4VnGaRhMHGKjabWYJSqLS85ZAx9eAeX6yf6DkpUvsjsT1GYnh-SizFi1NS75WjVHG7sw',
  command: 'getUser' }
{ user_id: 1, premium: false, iat: 1560903332 }
1
1
{ email: 'b',
  name: 'b',
  phoneno: '',
  balance: 2.5,
  premium: false,
  username: 'b',
  user_id: 1 }
Wed Jun 19 2019 00:16:25 GMT+0000 (UTC) => /bets/, [object Object]
{ authorization: 'eyJhbGciOiJSUzI1NiIsInR5cCI6IkpXVCJ9.eyJ1c2VyX2lkIjoxLCJwcmVtaXVtIjpmYWxzZSwiaWF0IjoxNTYwOTAzMzMyfQ.qOGfTX8722V41PajJr4VnGaRhMHGKjabWYJSqLS85ZAx9eAeX6yf6DkpUvsjsT1GYnh-SizFi1NS75WjVHG7sw',
  role: 'user',
  command: 'getBets' }
{ user_id: 1, premium: false, iat: 1560903332 }
Wed Jun 19 2019 00:16:29 GMT+0000 (UTC) => /bets/, [object Object]
{ bet_id: 1,
  authorization: 'eyJhbGciOiJSUzI1NiIsInR5cCI6IkpXVCJ9.eyJ1c2VyX2lkIjoxLCJwcmVtaXVtIjpmYWxzZSwiaWF0IjoxNTYwOTAzMzMyfQ.qOGfTX8722V41PajJr4VnGaRhMHGKjabWYJSqLS85ZAx9eAeX6yf6DkpUvsjsT1GYnh-SizFi1NS75WjVHG7sw',
  command: 'cashout' }
{ user_id: 1, premium: false, iat: 1560903332 }
Wed Jun 19 2019 00:16:31 GMT+0000 (UTC) => /users/, [object Object]
{ authorization: 'eyJhbGciOiJSUzI1NiIsInR5cCI6IkpXVCJ9.eyJ1c2VyX2lkIjoxLCJwcmVtaXVtIjpmYWxzZSwiaWF0IjoxNTYwOTAzMzMyfQ.qOGfTX8722V41PajJr4VnGaRhMHGKjabWYJSqLS85ZAx9eAeX6yf6DkpUvsjsT1GYnh-SizFi1NS75WjVHG7sw',
  command: 'getUser' }
{ user_id: 1, premium: false, iat: 1560903332 }
1
1
{ email: 'b',
  name: 'b',
  phoneno: '',
  balance: 3.5,
  premium: false,
  username: 'b',
  user_id: 1 }
Wed Jun 19 2019 00:16:48 GMT+0000 (UTC) => /bets/, [object Object]
{ amount: '1',
  result: 'winAway',
  event_id: 1,
  command: 'postBet',
  authorization: 'eyJhbGciOiJSUzI1NiIsInR5cCI6IkpXVCJ9.eyJ1c2VyX2lkIjoxLCJwcmVtaXVtIjpmYWxzZSwiaWF0IjoxNTYwOTAzMzMyfQ.qOGfTX8722V41PajJr4VnGaRhMHGKjabWYJSqLS85ZAx9eAeX6yf6DkpUvsjsT1GYnh-SizFi1NS75WjVHG7sw' }
{ user_id: 1, premium: false, iat: 1560903332 }
user balance: 3.5
bet amount: 1
alterando o balance
Wed Jun 19 2019 00:16:52 GMT+0000 (UTC) => /bets/, [object Object]
{ amount: '1',
  result: 'draw',
  event_id: 1,
  command: 'postBet',
  authorization: 'eyJhbGciOiJSUzI1NiIsInR5cCI6IkpXVCJ9.eyJ1c2VyX2lkIjoxLCJwcmVtaXVtIjpmYWxzZSwiaWF0IjoxNTYwOTAzMzMyfQ.qOGfTX8722V41PajJr4VnGaRhMHGKjabWYJSqLS85ZAx9eAeX6yf6DkpUvsjsT1GYnh-SizFi1NS75WjVHG7sw' }
{ user_id: 1, premium: false, iat: 1560903332 }
user balance: 2.5
bet amount: 1
alterando o balance
Wed Jun 19 2019 00:16:53 GMT+0000 (UTC) => /bets/, [object Object]
{ authorization: 'eyJhbGciOiJSUzI1NiIsInR5cCI6IkpXVCJ9.eyJ1c2VyX2lkIjoxLCJwcmVtaXVtIjpmYWxzZSwiaWF0IjoxNTYwOTAzMzMyfQ.qOGfTX8722V41PajJr4VnGaRhMHGKjabWYJSqLS85ZAx9eAeX6yf6DkpUvsjsT1GYnh-SizFi1NS75WjVHG7sw',
  role: 'user',
  command: 'getBets' }
{ user_id: 1, premium: false, iat: 1560903332 }
Wed Jun 19 2019 00:17:21 GMT+0000 (UTC) => /close_event/, [object Object]
{ result: 'draw',
  event_id: 1,
  authorization: 'eyJhbGciOiJSUzI1NiIsInR5cCI6IkpXVCJ9.eyJ1c2VyX2lkIjoxLCJwcmVtaXVtIjpmYWxzZSwiaWF0IjoxNTYwOTAzMzMyfQ.qOGfTX8722V41PajJr4VnGaRhMHGKjabWYJSqLS85ZAx9eAeX6yf6DkpUvsjsT1GYnh-SizFi1NS75WjVHG7sw' }
{ user_id: 1, premium: false, iat: 1560903332 }
a pedir resultados por mensagem
message sent!
sleeping
sleeping
sleeping
sleeping
sleeping
sleeping
sleeping
sleeping
sleeping
sleeping
sleeping
sleeping
sleeping
sleeping
sleeping
sleeping
sleeping
sleeping
sleeping
sleeping
sleeping
sleeping
sleeping
sleeping
sleeping
sleeping
sleeping
sleeping
sleeping
sleeping
sleeping
sleeping
sleeping
sleeping
sleeping
sleeping
sleeping
sleeping
sleeping
sleeping
sleeping
sleeping
sleeping
sleeping
sleeping
sleeping
sleeping
sleeping
sleeping
sleeping
sleeping
sleeping
Wed Jun 19 2019 00:17:47 GMT+0000 (UTC) => /bets/, [object Object]
{ authorization: 'eyJhbGciOiJSUzI1NiIsInR5cCI6IkpXVCJ9.eyJ1c2VyX2lkIjoxLCJwcmVtaXVtIjpmYWxzZSwiaWF0IjoxNTYwOTAzMzMyfQ.qOGfTX8722V41PajJr4VnGaRhMHGKjabWYJSqLS85ZAx9eAeX6yf6DkpUvsjsT1GYnh-SizFi1NS75WjVHG7sw',
  role: 'admin',
  command: 'getBets' }
{ user_id: 1, premium: false, iat: 1560903332 }
sleeping
sleeping
sleeping
sleeping
sleeping
sleeping
sleeping
sleeping
sleeping
sleeping
sleeping
sleeping
sleeping
sleeping
sleeping
sleeping
sleeping
sleeping
sleeping
sleeping
sleeping
sleeping
sleeping
sleeping
sleeping
sleeping
sleeping
sleeping
sleeping
sleeping
Wed Jun 19 2019 00:18:02 GMT+0000 (UTC) => /bets/, [object Object]
{ authorization: 'eyJhbGciOiJSUzI1NiIsInR5cCI6IkpXVCJ9.eyJ1c2VyX2lkIjoxLCJwcmVtaXVtIjpmYWxzZSwiaWF0IjoxNTYwOTAzMzMyfQ.qOGfTX8722V41PajJr4VnGaRhMHGKjabWYJSqLS85ZAx9eAeX6yf6DkpUvsjsT1GYnh-SizFi1NS75WjVHG7sw',
  role: 'admin',
  command: 'getBets' }
{ user_id: 1, premium: false, iat: 1560903332 }
sleeping
sleeping
sleeping
sleeping
sleeping
sleeping
sleeping
sleeping
sleeping
sleeping
sleeping
sleeping
sleeping
sleeping
sleeping
sleeping
sleeping
sleeping
sleeping
sleeping
sleeping
sleeping
sleeping
sleeping
sleeping
sleeping
sleeping
sleeping
sleeping
sleeping
sleeping
sleeping
sleeping
sleeping
sleeping
sleeping
sleeping
sleeping
sleeping
sleeping
sleeping
sleeping
sleeping
sleeping
sleeping
sleeping
sleeping
sleeping
sleeping
sleeping
sleeping
sleeping
sleeping
sleeping
sleeping
sleeping
sleeping
sleeping
sleeping
sleeping
sleeping
sleeping
sleeping
sleeping
sleeping
sleeping
sleeping
sleeping
sleeping
sleeping
sleeping
sleeping
sleeping
sleeping
sleeping
sleeping
sleeping
sleeping
sleeping
sleeping
sleeping
sleeping
sleeping
sleeping
sleeping
sleeping
sleeping
sleeping
sleeping
sleeping
sleeping
sleeping
sleeping
sleeping
sleeping
sleeping
sleeping
sleeping
sleeping
sleeping
sleeping
sleeping
sleeping
sleeping
sleeping
sleeping
sleeping
sleeping
sleeping
sleeping
sleeping
sleeping
sleeping
sleeping
sleeping
sleeping
sleeping
sleeping
sleeping
sleeping
sleeping
sleeping
sleeping
sleeping
sleeping
sleeping
sleeping
sleeping
sleeping
sleeping
sleeping
sleeping
sleeping
sleeping
sleeping
sleeping
sleeping
sleeping
sleeping
sleeping
sleeping
sleeping
sleeping
sleeping
sleeping
sleeping
sleeping
sleeping
sleeping
sleeping
sleeping
sleeping
sleeping
sleeping
sleeping
sleeping
sleeping
sleeping
sleeping
sleeping
sleeping
sleeping
sleeping
sleeping
sleeping
sleeping
sleeping
sleeping
sleeping
sleeping
sleeping
sleeping
sleeping
sleeping
sleeping
sleeping
sleeping
sleeping
sleeping
sleeping
sleeping
sleeping
sleeping
sleeping
sleeping
sleeping
sleeping
sleeping
sleeping
sleeping
sleeping
sleeping
sleeping
sleeping
sleeping
sleeping
sleeping
sleeping
sleeping
sleeping
sleeping
sleeping
sleeping
sleeping
sleeping
sleeping
sleeping
sleeping
sleeping
Wed Jun 19 2019 00:19:47 GMT+0000 (UTC) => /bets/, [object Object]
{ amount: '1',
  result: 'winHome',
  event_id: 1,
  command: 'postBet',
  authorization: 'eyJhbGciOiJSUzI1NiIsInR5cCI6IkpXVCJ9.eyJ1c2VyX2lkIjoxLCJwcmVtaXVtIjpmYWxzZSwiaWF0IjoxNTYwOTAzMzMyfQ.qOGfTX8722V41PajJr4VnGaRhMHGKjabWYJSqLS85ZAx9eAeX6yf6DkpUvsjsT1GYnh-SizFi1NS75WjVHG7sw' }
{ user_id: 1, premium: false, iat: 1560903332 }
user balance: 1.5
bet amount: 1
alterando o balance
sleeping
sleeping
sleeping
sleeping
sleeping
sleeping
Wed Jun 19 2019 00:19:50 GMT+0000 (UTC) => /users/, [object Object]
{ authorization: 'eyJhbGciOiJSUzI1NiIsInR5cCI6IkpXVCJ9.eyJ1c2VyX2lkIjoxLCJwcmVtaXVtIjpmYWxzZSwiaWF0IjoxNTYwOTAzMzMyfQ.qOGfTX8722V41PajJr4VnGaRhMHGKjabWYJSqLS85ZAx9eAeX6yf6DkpUvsjsT1GYnh-SizFi1NS75WjVHG7sw',
  command: 'getUser' }
{ user_id: 1, premium: false, iat: 1560903332 }
1
1
{ email: 'b',
  name: 'b',
  phoneno: '',
  balance: 0.5,
  premium: false,
  username: 'b',
  user_id: 1 }
sleeping
sleeping
Wed Jun 19 2019 00:19:51 GMT+0000 (UTC) => /bets/, [object Object]
{ authorization: 'eyJhbGciOiJSUzI1NiIsInR5cCI6IkpXVCJ9.eyJ1c2VyX2lkIjoxLCJwcmVtaXVtIjpmYWxzZSwiaWF0IjoxNTYwOTAzMzMyfQ.qOGfTX8722V41PajJr4VnGaRhMHGKjabWYJSqLS85ZAx9eAeX6yf6DkpUvsjsT1GYnh-SizFi1NS75WjVHG7sw',
  role: 'user',
  command: 'getBets' }
{ user_id: 1, premium: false, iat: 1560903332 }
sleeping
sleeping
sleeping
sleeping
sleeping
sleeping
sleeping
sleeping
sleeping
sleeping
sleeping
sleeping
sleeping
sleeping
sleeping
sleeping
sleeping
sleeping
sleeping
sleeping
sleeping
sleeping
Wed Jun 19 2019 00:20:02 GMT+0000 (UTC) => /bets/, [object Object]
{ authorization: 'eyJhbGciOiJSUzI1NiIsInR5cCI6IkpXVCJ9.eyJ1c2VyX2lkIjoxLCJwcmVtaXVtIjpmYWxzZSwiaWF0IjoxNTYwOTAzMzMyfQ.qOGfTX8722V41PajJr4VnGaRhMHGKjabWYJSqLS85ZAx9eAeX6yf6DkpUvsjsT1GYnh-SizFi1NS75WjVHG7sw',
  role: 'admin',
  command: 'getBets' }
{ user_id: 1, premium: false, iat: 1560903332 }
sleeping
sleeping
sleeping
sleeping
sleeping
sleeping
sleeping
sleeping
sleeping
sleeping
sleeping
sleeping
sleeping
sleeping
sleeping
sleeping
sleeping
sleeping
sleeping
sleeping
sleeping
sleeping
sleeping
sleeping
sleeping
sleeping
sleeping
sleeping
sleeping
sleeping
sleeping
sleeping
sleeping
sleeping
sleeping
sleeping
sleeping
sleeping
sleeping
sleeping
sleeping
sleeping
sleeping
sleeping
sleeping
sleeping
sleeping
sleeping
sleeping
sleeping
sleeping
sleeping
sleeping
sleeping
sleeping
sleeping
sleeping
sleeping
sleeping
sleeping
sleeping
sleeping
sleeping
sleeping
sleeping
sleeping
sleeping
sleeping
sleeping
sleeping
sleeping
sleeping
sleeping
sleeping
sleeping
sleeping
sleeping
sleeping
sleeping
sleeping
sleeping
sleeping
sleeping
sleeping
sleeping
sleeping
sleeping
sleeping
sleeping
sleeping
sleeping
sleeping
sleeping
sleeping
sleeping
sleeping
sleeping
sleeping
sleeping
sleeping
sleeping
sleeping
sleeping
sleeping
sleeping
sleeping
sleeping
sleeping
sleeping
sleeping
sleeping
sleeping
sleeping
sleeping
sleeping
sleeping
sleeping
sleeping
sleeping
sleeping
sleeping
sleeping
sleeping
sleeping
sleeping
sleeping
sleeping
sleeping
sleeping
sleeping
sleeping
sleeping
sleeping
sleeping
sleeping
sleeping
sleeping
sleeping
sleeping
sleeping
sleeping
sleeping
sleeping
sleeping
sleeping
sleeping
sleeping
sleeping
sleeping
sleeping
sleeping
sleeping
sleeping
sleeping
sleeping
sleeping
sleeping
sleeping
sleeping
sleeping
sleeping
sleeping
sleeping
sleeping
sleeping
sleeping
sleeping
sleeping
sleeping
sleeping
sleeping
sleeping
sleeping
sleeping
sleeping
sleeping
sleeping
sleeping
sleeping
sleeping
sleeping
sleeping
sleeping
sleeping
sleeping
sleeping
sleeping
sleeping
sleeping
sleeping
sleeping
sleeping
sleeping
sleeping
sleeping
sleeping
sleeping
sleeping
sleeping
sleeping
sleeping
sleeping
sleeping
sleeping
sleeping
sleeping
sleeping
sleeping
sleeping
sleeping
sleeping
sleeping
sleeping
sleeping
sleeping
sleeping
sleeping
sleeping
sleeping
sleeping
sleeping
sleeping
sleeping
sleeping
sleeping
sleeping
sleeping
sleeping
sleeping
sleeping
sleeping
sleeping
sleeping
sleeping
sleeping
sleeping
sleeping
sleeping
sleeping
sleeping
sleeping
sleeping
sleeping
sleeping
sleeping
sleeping
sleeping
sleeping
sleeping
sleeping
sleeping
sleeping
sleeping
sleeping
sleeping
sleeping
sleeping
sleeping
sleeping
sleeping
sleeping
sleeping
sleeping
sleeping
sleeping
sleeping
sleeping
sleeping
sleeping
sleeping
sleeping
sleeping
sleeping
sleeping
sleeping
sleeping
sleeping
sleeping
sleeping
sleeping
sleeping
sleeping
sleeping
sleeping
sleeping
sleeping
sleeping
sleeping
sleeping
sleeping
sleeping
sleeping
sleeping
sleeping
sleeping
sleeping
sleeping
sleeping
sleeping
sleeping
sleeping
sleeping
sleeping
sleeping
sleeping
sleeping
sleeping
sleeping
sleeping
sleeping
sleeping
sleeping
sleeping
sleeping
sleeping
sleeping
sleeping
sleeping
sleeping
sleeping
sleeping
sleeping
sleeping
sleeping
sleeping
sleeping
sleeping
sleeping
sleeping
sleeping
sleeping
sleeping
sleeping
sleeping
sleeping
sleeping
sleeping
sleeping
sleeping
sleeping
sleeping
sleeping
sleeping
sleeping
sleeping
sleeping
sleeping
sleeping
sleeping
sleeping
sleeping
sleeping
sleeping
sleeping
sleeping
sleeping
sleeping
sleeping
sleeping
sleeping
sleeping
sleeping
sleeping
sleeping
sleeping
sleeping
sleeping
sleeping
sleeping
sleeping
sleeping
sleeping
sleeping
sleeping
sleeping
sleeping
sleeping
sleeping
sleeping
sleeping
sleeping
sleeping
sleeping
sleeping
sleeping
sleeping
sleeping
sleeping
sleeping
sleeping
sleeping
sleeping
sleeping
sleeping
sleeping
sleeping
sleeping
sleeping
sleeping
sleeping
sleeping
sleeping
sleeping
sleeping
sleeping
sleeping
sleeping
sleeping
sleeping
sleeping
sleeping
sleeping
sleeping
sleeping
sleeping
sleeping
sleeping
sleeping
sleeping
sleeping
sleeping
sleeping
sleeping
sleeping
sleeping
sleeping
sleeping
sleeping
sleeping
sleeping
sleeping
sleeping
sleeping
sleeping
sleeping
sleeping
sleeping
sleeping
sleeping
sleeping
sleeping
sleeping
sleeping
sleeping
sleeping
sleeping
sleeping
sleeping
sleeping
sleeping
sleeping
sleeping
sleeping
sleeping
sleeping
sleeping
sleeping
sleeping
sleeping
sleeping
sleeping
sleeping
sleeping
sleeping
sleeping
sleeping
sleeping
sleeping
sleeping
sleeping
sleeping
sleeping
sleeping
sleeping
sleeping
sleeping
sleeping
sleeping
sleeping
sleeping
sleeping
sleeping
sleeping
sleeping
sleeping
sleeping
sleeping
sleeping
Wed Jun 19 2019 00:24:07 GMT+0000 (UTC) => /bets/, [object Object]
{ authorization: 'eyJhbGciOiJSUzI1NiIsInR5cCI6IkpXVCJ9.eyJ1c2VyX2lkIjoxLCJwcmVtaXVtIjpmYWxzZSwiaWF0IjoxNTYwOTAzMzMyfQ.qOGfTX8722V41PajJr4VnGaRhMHGKjabWYJSqLS85ZAx9eAeX6yf6DkpUvsjsT1GYnh-SizFi1NS75WjVHG7sw',
  role: 'admin',
  command: 'getBets' }
{ user_id: 1, premium: false, iat: 1560903332 }
sleeping
sleeping
sleeping
sleeping
sleeping
sleeping
sleeping
sleeping
sleeping
sleeping
sleeping
sleeping
sleeping
sleeping
sleeping
sleeping
sleeping
sleeping
sleeping
sleeping
sleeping
sleeping
sleeping
sleeping
sleeping
sleeping
sleeping
sleeping
sleeping
sleeping
sleeping
sleeping
sleeping
sleeping
sleeping
sleeping
sleeping
sleeping
sleeping
sleeping
sleeping
sleeping
sleeping
sleeping
sleeping
sleeping
sleeping
sleeping
sleeping
sleeping
sleeping
sleeping
sleeping
sleeping
sleeping
sleeping
sleeping
sleeping
sleeping
sleeping
sleeping
sleeping
sleeping
sleeping
sleeping
sleeping
sleeping
sleeping
sleeping
sleeping
sleeping
sleeping
sleeping
sleeping
sleeping
sleeping
sleeping
sleeping
sleeping
sleeping
sleeping
sleeping
sleeping
sleeping
sleeping
sleeping
sleeping
sleeping
sleeping
sleeping
sleeping
sleeping
sleeping
sleeping
sleeping
sleeping
sleeping
sleeping
sleeping
sleeping
sleeping
sleeping
sleeping
sleeping
sleeping
sleeping
sleeping
sleeping
sleeping
sleeping
sleeping
sleeping
sleeping
sleeping
sleeping
sleeping
sleeping
sleeping
sleeping
sleeping
sleeping
sleeping
sleeping
sleeping
sleeping
sleeping
sleeping
sleeping
sleeping
sleeping
sleeping
sleeping
sleeping
sleeping
sleeping
sleeping
sleeping
sleeping
sleeping
sleeping
sleeping
sleeping
sleeping
sleeping
sleeping
sleeping
sleeping
sleeping
sleeping
sleeping
sleeping
sleeping
sleeping
sleeping
sleeping
sleeping
sleeping
sleeping
sleeping
sleeping
sleeping
sleeping
sleeping
sleeping
sleeping
sleeping
sleeping
sleeping
sleeping
sleeping
sleeping
sleeping
sleeping
sleeping
sleeping
sleeping
sleeping
sleeping
sleeping
sleeping
sleeping
sleeping
sleeping
sleeping
sleeping
sleeping
sleeping
sleeping
sleeping
sleeping
sleeping
sleeping
sleeping
sleeping
sleeping
sleeping
sleeping
sleeping
sleeping
sleeping
sleeping
sleeping
sleeping
sleeping
sleeping
sleeping
sleeping
sleeping
sleeping
sleeping
sleeping
sleeping
sleeping
sleeping
sleeping
sleeping
sleeping
sleeping
sleeping
sleeping
sleeping
sleeping
sleeping
sleeping
sleeping
sleeping
sleeping
sleeping
sleeping
sleeping
sleeping
sleeping
sleeping
sleeping
sleeping
sleeping
sleeping
sleeping
sleeping
sleeping
sleeping
sleeping
sleeping
sleeping
sleeping
sleeping
sleeping
sleeping
sleeping
sleeping
sleeping
sleeping
sleeping
sleeping
sleeping
sleeping
sleeping
sleeping
sleeping
sleeping
sleeping
sleeping
sleeping
sleeping
sleeping
sleeping
sleeping
sleeping
sleeping
sleeping
sleeping
sleeping
sleeping
sleeping
sleeping
sleeping
sleeping
sleeping
sleeping
sleeping
sleeping
sleeping
sleeping
sleeping
sleeping
sleeping
sleeping
sleeping
sleeping
sleeping
sleeping
sleeping
sleeping
sleeping
sleeping
sleeping
sleeping
sleeping
sleeping
sleeping
sleeping
sleeping
sleeping
sleeping
sleeping
sleeping
sleeping
sleeping
sleeping
sleeping
sleeping
sleeping
sleeping
sleeping
sleeping
sleeping
sleeping
sleeping
sleeping
sleeping
sleeping
sleeping
sleeping
sleeping
sleeping
sleeping
sleeping
sleeping
sleeping
sleeping
sleeping
sleeping
sleeping
sleeping
sleeping
sleeping
sleeping
sleeping
sleeping
sleeping
sleeping
sleeping
sleeping
sleeping
sleeping
sleeping
sleeping
sleeping
sleeping
sleeping
sleeping
sleeping
sleeping
sleeping
sleeping
sleeping
sleeping
sleeping
sleeping
sleeping
sleeping
sleeping
sleeping
sleeping
sleeping
sleeping
sleeping
sleeping
sleeping
sleeping
sleeping
sleeping
sleeping
sleeping
sleeping
sleeping
sleeping
sleeping
sleeping
sleeping
sleeping
sleeping
sleeping
sleeping
sleeping
sleeping
sleeping
sleeping
sleeping
sleeping
sleeping
sleeping
sleeping
sleeping
sleeping
sleeping
sleeping
sleeping
sleeping
sleeping
sleeping
sleeping
sleeping
sleeping
sleeping
sleeping
sleeping
sleeping
sleeping
sleeping
sleeping
sleeping
sleeping
sleeping
sleeping
sleeping
sleeping
sleeping
sleeping
sleeping
sleeping
sleeping
sleeping
sleeping
sleeping
Wed Jun 19 2019 00:27:40 GMT+0000 (UTC) => /bets/, [object Object]
{ authorization: 'eyJhbGciOiJSUzI1NiIsInR5cCI6IkpXVCJ9.eyJ1c2VyX2lkIjoxLCJwcmVtaXVtIjpmYWxzZSwiaWF0IjoxNTYwOTAzMzMyfQ.qOGfTX8722V41PajJr4VnGaRhMHGKjabWYJSqLS85ZAx9eAeX6yf6DkpUvsjsT1GYnh-SizFi1NS75WjVHG7sw',
  role: 'admin',
  command: 'getBets' }
{ user_id: 1, premium: false, iat: 1560903332 }
sleeping
sleeping
sleeping
sleeping
sleeping
sleeping
sleeping
sleeping
sleeping
sleeping
sleeping
sleeping
sleeping
sleeping
sleeping
sleeping
sleeping
sleeping
sleeping
sleeping
sleeping
sleeping
sleeping
sleeping
sleeping
sleeping
sleeping
sleeping
sleeping
sleeping
sleeping
sleeping
sleeping
sleeping
sleeping
sleeping
sleeping
sleeping
sleeping
sleeping
sleeping
sleeping
sleeping
sleeping
sleeping
sleeping
sleeping
sleeping
sleeping
sleeping
sleeping
sleeping
sleeping
sleeping
sleeping
sleeping
sleeping
sleeping
sleeping
sleeping
sleeping
sleeping
sleeping
sleeping
sleeping
sleeping
sleeping
sleeping
sleeping
sleeping
sleeping
sleeping
sleeping
sleeping
sleeping
sleeping
sleeping
sleeping
sleeping
sleeping
sleeping
sleeping
sleeping
sleeping
sleeping
sleeping
sleeping
sleeping
sleeping
sleeping
sleeping
sleeping
sleeping
sleeping
sleeping
sleeping
sleeping
sleeping
sleeping
sleeping
sleeping
sleeping
sleeping
sleeping
sleeping
sleeping
sleeping
sleeping
sleeping
sleeping
sleeping
sleeping
sleeping
sleeping
sleeping
sleeping
sleeping
sleeping
sleeping
sleeping
sleeping
sleeping
sleeping
sleeping
sleeping
sleeping
sleeping
sleeping
sleeping
sleeping
sleeping
sleeping
sleeping
sleeping
sleeping
sleeping
sleeping
sleeping
sleeping
sleeping
sleeping
sleeping
sleeping
Wed Jun 19 2019 00:28:52 GMT+0000 (UTC) => /bets/, [object Object]
{ authorization: 'eyJhbGciOiJSUzI1NiIsInR5cCI6IkpXVCJ9.eyJ1c2VyX2lkIjoxLCJwcmVtaXVtIjpmYWxzZSwiaWF0IjoxNTYwOTA0MTI5fQ.D8UYRVvbFvv1l0F0eMMSh7RA_vwwrBtB1vN5BGQ-OYkov3UUOcaI4oIoHShzDQNSa67T4EuRd7pfSD-QdCzSpQ',
  role: 'user',
  command: 'getBets' }
{ user_id: 1, premium: false, iat: 1560904129 }
sleeping
sleeping
sleeping
sleeping
sleeping
sleeping
sleeping
sleeping
sleeping
sleeping
sleeping
sleeping
sleeping
sleeping
sleeping
sleeping
sleeping
sleeping
sleeping
sleeping
sleeping
sleeping
sleeping
sleeping
sleeping
sleeping
sleeping
sleeping
sleeping
sleeping
sleeping
sleeping
sleeping
sleeping
sleeping
sleeping
sleeping
sleeping
Wed Jun 19 2019 00:29:11 GMT+0000 (UTC) => /bets/, [object Object]
{ authorization: 'eyJhbGciOiJSUzI1NiIsInR5cCI6IkpXVCJ9.eyJ1c2VyX2lkIjoxLCJwcmVtaXVtIjpmYWxzZSwiaWF0IjoxNTYwOTA0MTI5fQ.D8UYRVvbFvv1l0F0eMMSh7RA_vwwrBtB1vN5BGQ-OYkov3UUOcaI4oIoHShzDQNSa67T4EuRd7pfSD-QdCzSpQ',
  role: 'admin',
  command: 'getBets' }
{ user_id: 1, premium: false, iat: 1560904129 }
sleeping
sleeping
sleeping
sleeping
sleeping
sleeping
sleeping
sleeping
sleeping
sleeping
sleeping
sleeping
sleeping
sleeping
sleeping
sleeping
sleeping
sleeping
sleeping
sleeping
sleeping
sleeping
sleeping
sleeping
sleeping
sleeping
sleeping
sleeping
sleeping
sleeping
sleeping
sleeping
sleeping
sleeping
sleeping
sleeping
sleeping
sleeping
sleeping
sleeping
sleeping
sleeping
sleeping
sleeping
sleeping
sleeping
sleeping
sleeping
sleeping
sleeping
sleeping
sleeping
sleeping
sleeping
sleeping
sleeping
sleeping
sleeping
sleeping
sleeping
sleeping
sleeping
sleeping
sleeping
sleeping
sleeping
sleeping
sleeping
sleeping
sleeping
sleeping
sleeping
sleeping
sleeping
sleeping
sleeping
sleeping
sleeping
sleeping
sleeping
sleeping
sleeping
sleeping
sleeping
sleeping
sleeping
sleeping
sleeping
sleeping
sleeping
sleeping
sleeping
sleeping
sleeping
sleeping
sleeping
sleeping
sleeping
sleeping
sleeping
sleeping
sleeping
sleeping
sleeping
sleeping
sleeping
sleeping
sleeping
sleeping
sleeping
sleeping
sleeping
sleeping
sleeping
sleeping
sleeping
sleeping
sleeping
sleeping
sleeping
sleeping
sleeping
sleeping
sleeping
sleeping
sleeping
sleeping
sleeping
sleeping
sleeping
sleeping
sleeping
sleeping
sleeping
sleeping
sleeping
sleeping
sleeping
sleeping
sleeping
sleeping
sleeping
sleeping
sleeping
sleeping
sleeping
sleeping
sleeping
sleeping
sleeping
sleeping
sleeping
sleeping
sleeping
sleeping
sleeping
sleeping
sleeping
sleeping
sleeping
sleeping
sleeping
sleeping
sleeping
sleeping
sleeping
sleeping
sleeping
sleeping
sleeping
sleeping
sleeping
sleeping
sleeping
sleeping
sleeping
sleeping
sleeping
sleeping
sleeping
sleeping
sleeping
sleeping
sleeping
sleeping
sleeping
sleeping
sleeping
sleeping
sleeping
sleeping
sleeping
sleeping
sleeping
sleeping
sleeping
sleeping
sleeping
sleeping
sleeping
sleeping
sleeping
sleeping
sleeping
sleeping
sleeping
sleeping
sleeping
sleeping
sleeping
sleeping
sleeping
sleeping
sleeping
sleeping
sleeping
sleeping
sleeping
sleeping
sleeping
sleeping
sleeping
sleeping
sleeping
sleeping
sleeping
sleeping
sleeping
sleeping
sleeping
sleeping
sleeping
sleeping
sleeping
sleeping
sleeping
sleeping
sleeping
sleeping
sleeping
sleeping
sleeping
sleeping
sleeping
sleeping
sleeping
sleeping
sleeping
sleeping
sleeping
sleeping
sleeping
sleeping
sleeping
sleeping
sleeping
sleeping
sleeping
sleeping
sleeping
sleeping
sleeping
sleeping
sleeping
sleeping
sleeping
sleeping
sleeping
sleeping
sleeping
sleeping
sleeping
sleeping
sleeping
sleeping
sleeping
sleeping
sleeping
sleeping
sleeping
sleeping
sleeping
sleeping
sleeping
sleeping
sleeping
sleeping
sleeping
sleeping
sleeping
sleeping
sleeping
sleeping
sleeping
sleeping
sleeping
sleeping
sleeping
sleeping
sleeping
sleeping
sleeping
sleeping
sleeping
sleeping
sleeping
sleeping
sleeping
sleeping
sleeping
sleeping
sleeping
sleeping
sleeping
sleeping
sleeping
sleeping
sleeping
sleeping
sleeping
sleeping
sleeping
sleeping
sleeping
sleeping
sleeping
sleeping
sleeping
sleeping
sleeping
sleeping
sleeping
sleeping
sleeping
sleeping
sleeping
sleeping
sleeping
sleeping
sleeping
sleeping
sleeping
sleeping
sleeping
sleeping
sleeping
sleeping
sleeping
sleeping
sleeping
sleeping
sleeping
sleeping
sleeping
sleeping
sleeping
sleeping
sleeping
sleeping
sleeping
sleeping
sleeping
sleeping
sleeping
sleeping
sleeping
sleeping
sleeping
sleeping
sleeping
sleeping
sleeping
sleeping
sleeping
sleeping
sleeping
sleeping
sleeping
sleeping
sleeping
sleeping
sleeping
sleeping
sleeping
sleeping
sleeping
sleeping
sleeping
sleeping
sleeping
sleeping
Wed Jun 19 2019 00:32:27 GMT+0000 (UTC) => /bets/, [object Object]
{ authorization: '', role: 'admin', command: 'getBets' }
sleeping
sleeping
sleeping
sleeping
sleeping
sleeping
sleeping
sleeping
sleeping
sleeping
sleeping
sleeping
sleeping
sleeping
sleeping
sleeping
sleeping
sleeping
sleeping
sleeping
sleeping
sleeping
sleeping
sleeping
sleeping
sleeping
sleeping
sleeping
sleeping
sleeping
sleeping
sleeping
sleeping
sleeping
sleeping
sleeping
sleeping
sleeping
sleeping
sleeping
sleeping
Wed Jun 19 2019 00:32:48 GMT+0000 (UTC) => /bets/, [object Object]
{ authorization: 'eyJhbGciOiJSUzI1NiIsInR5cCI6IkpXVCJ9.eyJ1c2VyX2lkIjoxLCJwcmVtaXVtIjpmYWxzZSwiaWF0IjoxNTYwOTA0MzU4fQ.aerf2nbzQDV7BzA-ZoQhJOtUPB7MvD2liepNmlXUpiuvKqX-8mVkt-Lw_ZT2ufRA1aTmvncq_-Vvk9Xk2bdikQ',
  role: 'admin',
  command: 'getBets' }
{ user_id: 1, premium: false, iat: 1560904358 }
sleeping
sleeping
sleeping
sleeping
sleeping
sleeping
sleeping
sleeping
sleeping
sleeping
sleeping
sleeping
sleeping
sleeping
sleeping
sleeping
sleeping
sleeping
sleeping
sleeping
sleeping
sleeping
sleeping
sleeping
sleeping
sleeping
sleeping
sleeping
sleeping
sleeping
sleeping
sleeping
sleeping
sleeping
sleeping
sleeping
sleeping
sleeping
sleeping
sleeping
sleeping
sleeping
sleeping
sleeping
sleeping
sleeping
sleeping
sleeping
sleeping
sleeping
sleeping
sleeping
sleeping
sleeping
sleeping
sleeping
sleeping
sleeping
sleeping
sleeping
sleeping
sleeping
sleeping
sleeping
sleeping
sleeping
sleeping
sleeping
sleeping
sleeping
sleeping
sleeping
sleeping
sleeping
sleeping
sleeping
sleeping
sleeping
sleeping
sleeping
sleeping
sleeping
sleeping
sleeping
sleeping
sleeping
sleeping
sleeping
sleeping
sleeping
sleeping
sleeping
sleeping
sleeping
sleeping
sleeping
sleeping
sleeping
sleeping
sleeping
sleeping
sleeping
sleeping
sleeping
sleeping
sleeping
sleeping
sleeping
sleeping
sleeping
sleeping
sleeping
sleeping
sleeping
sleeping
sleeping
sleeping
sleeping
sleeping
sleeping
sleeping
sleeping
sleeping
sleeping
sleeping
sleeping
sleeping
sleeping
Wed Jun 19 2019 00:33:52 GMT+0000 (UTC) => /bets/, [object Object]
{ authorization: 'eyJhbGciOiJSUzI1NiIsInR5cCI6IkpXVCJ9.eyJ1c2VyX2lkIjoxLCJwcmVtaXVtIjpmYWxzZSwiaWF0IjoxNTYwOTA0MzU4fQ.aerf2nbzQDV7BzA-ZoQhJOtUPB7MvD2liepNmlXUpiuvKqX-8mVkt-Lw_ZT2ufRA1aTmvncq_-Vvk9Xk2bdikQ',
  role: 'admin',
  command: 'getBets' }
{ user_id: 1, premium: false, iat: 1560904358 }
sleeping
sleeping
sleeping
sleeping
sleeping
sleeping
sleeping
sleeping
sleeping
sleeping
sleeping
sleeping
sleeping
sleeping
sleeping
sleeping
sleeping
sleeping
sleeping
sleeping
sleeping
sleeping
sleeping
sleeping
sleeping
sleeping
sleeping
sleeping
sleeping
sleeping
sleeping
sleeping
sleeping
sleeping
sleeping
sleeping
Wed Jun 19 2019 00:34:10 GMT+0000 (UTC) => /bets/, [object Object]
{ authorization: 'eyJhbGciOiJSUzI1NiIsInR5cCI6IkpXVCJ9.eyJ1c2VyX2lkIjoxLCJwcmVtaXVtIjpmYWxzZSwiaWF0IjoxNTYwOTA0NDQyfQ.AvdfT_ymkAgrwVhUGdBIUQrbFg8MaC2JlopBpHoVoa15uEuDc4F0TDImYPPdk_kDeD4pr1CpL_cePOofIhagmw',
  role: 'admin',
  command: 'getBets' }
{ user_id: 1, premium: false, iat: 1560904442 }
sleeping
sleeping
sleeping
sleeping
sleeping
sleeping
sleeping
sleeping
sleeping
sleeping
sleeping
sleeping
sleeping
sleeping
sleeping
sleeping
sleeping
sleeping
sleeping
sleeping
sleeping
sleeping
sleeping
sleeping
sleeping
sleeping
sleeping
sleeping
sleeping
sleeping
sleeping
sleeping
sleeping
sleeping
sleeping
sleeping
sleeping
sleeping
sleeping
sleeping
sleeping
sleeping
sleeping
sleeping
sleeping
sleeping
sleeping
sleeping
sleeping
sleeping
sleeping
sleeping
sleeping
sleeping
sleeping
sleeping
sleeping
sleeping
sleeping
sleeping
sleeping
sleeping
sleeping
sleeping
sleeping
sleeping
sleeping
sleeping
sleeping
sleeping
sleeping
sleeping
sleeping
sleeping
sleeping
sleeping
sleeping
sleeping
sleeping
sleeping
sleeping
sleeping
sleeping
sleeping
sleeping
sleeping
sleeping
sleeping
sleeping
Wed Jun 19 2019 00:34:55 GMT+0000 (UTC) => /bets/, [object Object]
{ authorization: '', role: 'admin', command: 'getBets' }
sleeping
sleeping
sleeping
sleeping
sleeping
sleeping
sleeping
sleeping
sleeping
sleeping
sleeping
sleeping
sleeping
sleeping
sleeping
sleeping
sleeping
sleeping
sleeping
sleeping
sleeping
sleeping
sleeping
sleeping
sleeping
sleeping
sleeping
sleeping
sleeping
sleeping
sleeping
sleeping
sleeping
sleeping
sleeping
sleeping
sleeping
sleeping
sleeping
sleeping
sleeping
sleeping
sleeping
sleeping
sleeping
sleeping
sleeping
sleeping
sleeping
sleeping
sleeping
sleeping
sleeping
sleeping
sleeping
Wed Jun 19 2019 00:35:22 GMT+0000 (UTC) => /bets/, [object Object]
{ authorization: '', role: 'user', command: 'getBets' }
sleeping
sleeping
sleeping
sleeping
sleeping
sleeping
sleeping
sleeping
sleeping
sleeping
sleeping
sleeping
sleeping
sleeping
sleeping
sleeping
sleeping
sleeping
sleeping
sleeping
sleeping
sleeping
sleeping
sleeping
sleeping
Wed Jun 19 2019 00:35:35 GMT+0000 (UTC) => /bets/, [object Object]
{ authorization: 'eyJhbGciOiJSUzI1NiIsInR5cCI6IkpXVCJ9.eyJ1c2VyX2lkIjoxLCJwcmVtaXVtIjpmYWxzZSwiaWF0IjoxNTYwOTA0NTMyfQ.DhUPdVpvZhvXQ3LVDGkg7fY-7P4OjJUmhykY_AB4VCggT7y8bhiAGDJGmYVoJq-1KLWeRtmtasJ6YOIUcYrbxQ',
  role: 'user',
  command: 'getBets' }
{ user_id: 1, premium: false, iat: 1560904532 }
sleeping
sleeping
sleeping
sleeping
sleeping
sleeping
sleeping
sleeping
sleeping
sleeping
sleeping
sleeping
sleeping
sleeping
sleeping
sleeping
sleeping
sleeping
sleeping
sleeping
sleeping
sleeping
sleeping
sleeping
sleeping
sleeping
sleeping
sleeping
sleeping
sleeping
sleeping
sleeping
sleeping
sleeping
sleeping
sleeping
sleeping
sleeping
sleeping
sleeping
sleeping
sleeping
sleeping
sleeping
sleeping
sleeping
sleeping
sleeping
sleeping
sleeping
sleeping
sleeping
sleeping
sleeping
sleeping
sleeping
sleeping
sleeping
sleeping
sleeping
sleeping
sleeping
sleeping
sleeping
sleeping
sleeping
sleeping
sleeping
sleeping
sleeping
sleeping
sleeping
sleeping
sleeping
sleeping
sleeping
sleeping
sleeping
sleeping
sleeping
sleeping
sleeping
sleeping
sleeping
sleeping
sleeping
sleeping
sleeping
sleeping
sleeping
sleeping
sleeping
sleeping
sleeping
sleeping
sleeping
sleeping
sleeping
sleeping
sleeping
sleeping
sleeping
sleeping
sleeping
sleeping
sleeping
sleeping
sleeping
sleeping
sleeping
sleeping
sleeping
sleeping
sleeping
sleeping
sleeping
sleeping
sleeping
sleeping
sleeping
sleeping
sleeping
sleeping
sleeping
sleeping
sleeping
sleeping
sleeping
sleeping
sleeping
sleeping
sleeping
sleeping
sleeping
Wed Jun 19 2019 00:36:42 GMT+0000 (UTC) => /users/, [object Object]
{ authorization: 'eyJhbGciOiJSUzI1NiIsInR5cCI6IkpXVCJ9.eyJ1c2VyX2lkIjoxLCJwcmVtaXVtIjpmYWxzZSwiaWF0IjoxNTYwOTA0NTMyfQ.DhUPdVpvZhvXQ3LVDGkg7fY-7P4OjJUmhykY_AB4VCggT7y8bhiAGDJGmYVoJq-1KLWeRtmtasJ6YOIUcYrbxQ',
  command: 'getUser' }
{ user_id: 1, premium: false, iat: 1560904532 }
1
1
{ email: 'b',
  name: 'b',
  phoneno: '',
  balance: 0.5,
  premium: false,
  username: 'b',
  user_id: 1 }
sleeping
sleeping
Wed Jun 19 2019 00:36:43 GMT+0000 (UTC) => /users/, [object Object]
{ authorization: 'eyJhbGciOiJSUzI1NiIsInR5cCI6IkpXVCJ9.eyJ1c2VyX2lkIjoxLCJwcmVtaXVtIjpmYWxzZSwiaWF0IjoxNTYwOTA0NTMyfQ.DhUPdVpvZhvXQ3LVDGkg7fY-7P4OjJUmhykY_AB4VCggT7y8bhiAGDJGmYVoJq-1KLWeRtmtasJ6YOIUcYrbxQ',
  command: 'getUser' }
{ user_id: 1, premium: false, iat: 1560904532 }
1
1
{ email: 'b',
  name: 'b',
  phoneno: '',
  balance: 0.5,
  premium: false,
  username: 'b',
  user_id: 1 }
sleeping
Wed Jun 19 2019 00:36:44 GMT+0000 (UTC) => /bets/, [object Object]
{ authorization: 'eyJhbGciOiJSUzI1NiIsInR5cCI6IkpXVCJ9.eyJ1c2VyX2lkIjoxLCJwcmVtaXVtIjpmYWxzZSwiaWF0IjoxNTYwOTA0NTMyfQ.DhUPdVpvZhvXQ3LVDGkg7fY-7P4OjJUmhykY_AB4VCggT7y8bhiAGDJGmYVoJq-1KLWeRtmtasJ6YOIUcYrbxQ',
  role: 'user',
  command: 'getBets' }
{ user_id: 1, premium: false, iat: 1560904532 }
sleeping
sleeping
sleeping
sleeping
sleeping
sleeping
sleeping
sleeping
sleeping
sleeping
sleeping
sleeping
sleeping
sleeping
sleeping
sleeping
sleeping
sleeping
sleeping
sleeping
sleeping
sleeping
sleeping
sleeping
Wed Jun 19 2019 00:36:56 GMT+0000 (UTC) => /bets/, [object Object]
{ authorization: 'eyJhbGciOiJSUzI1NiIsInR5cCI6IkpXVCJ9.eyJ1c2VyX2lkIjoxLCJwcmVtaXVtIjpmYWxzZSwiaWF0IjoxNTYwOTA0NTMyfQ.DhUPdVpvZhvXQ3LVDGkg7fY-7P4OjJUmhykY_AB4VCggT7y8bhiAGDJGmYVoJq-1KLWeRtmtasJ6YOIUcYrbxQ',
  role: 'admin',
  command: 'getBets' }
{ user_id: 1, premium: false, iat: 1560904532 }
sleeping
sleeping
sleeping
sleeping
sleeping
sleeping
sleeping
sleeping
sleeping
sleeping
sleeping
sleeping
sleeping
sleeping
sleeping
sleeping
sleeping
sleeping
sleeping
sleeping
sleeping
sleeping
sleeping
sleeping
sleeping
sleeping
sleeping
sleeping
sleeping
sleeping
sleeping
sleeping
sleeping
sleeping
sleeping
sleeping
sleeping
sleeping
sleeping
sleeping
sleeping
sleeping
sleeping
sleeping
sleeping
sleeping
sleeping
sleeping
sleeping
sleeping
sleeping
sleeping
sleeping
sleeping
sleeping
sleeping
sleeping
sleeping
sleeping
sleeping
sleeping
sleeping
sleeping
sleeping
sleeping
sleeping
sleeping
sleeping
sleeping
sleeping
sleeping
sleeping
sleeping
sleeping
sleeping
sleeping
sleeping
sleeping
sleeping
sleeping
sleeping
sleeping
sleeping
sleeping
sleeping
sleeping
sleeping
sleeping
sleeping
sleeping
sleeping
sleeping
sleeping
sleeping
sleeping
sleeping
sleeping
sleeping
sleeping
sleeping
sleeping
sleeping
sleeping
sleeping
sleeping
sleeping
sleeping
sleeping
sleeping
sleeping
sleeping
sleeping
sleeping
sleeping
sleeping
sleeping
sleeping
sleeping
sleeping
sleeping
sleeping
sleeping
sleeping
sleeping
sleeping
sleeping
sleeping
sleeping
sleeping
sleeping
sleeping
sleeping
sleeping
sleeping
sleeping
sleeping
sleeping
sleeping
sleeping
sleeping
sleeping
sleeping
sleeping
Wed Jun 19 2019 00:38:08 GMT+0000 (UTC) => /bets/, [object Object]
{ authorization: 'eyJhbGciOiJSUzI1NiIsInR5cCI6IkpXVCJ9.eyJ1c2VyX2lkIjoxLCJwcmVtaXVtIjpmYWxzZSwiaWF0IjoxNTYwOTA0NTMyfQ.DhUPdVpvZhvXQ3LVDGkg7fY-7P4OjJUmhykY_AB4VCggT7y8bhiAGDJGmYVoJq-1KLWeRtmtasJ6YOIUcYrbxQ',
  role: 'admin',
  command: 'getBets' }
{ user_id: 1, premium: false, iat: 1560904532 }
sleeping
sleeping
sleeping
sleeping
sleeping
sleeping
sleeping
sleeping
sleeping
sleeping
sleeping
sleeping
sleeping
sleeping
sleeping
sleeping
sleeping
sleeping
sleeping
sleeping
sleeping
sleeping
sleeping
sleeping
sleeping
sleeping
sleeping
sleeping
sleeping
sleeping
sleeping
sleeping
sleeping
sleeping
sleeping
sleeping
sleeping
sleeping
sleeping
sleeping
sleeping
sleeping
sleeping
sleeping
sleeping
sleeping
Wed Jun 19 2019 00:38:31 GMT+0000 (UTC) => /bets/, [object Object]
{ authorization: 'eyJhbGciOiJSUzI1NiIsInR5cCI6IkpXVCJ9.eyJ1c2VyX2lkIjoxLCJwcmVtaXVtIjpmYWxzZSwiaWF0IjoxNTYwOTA0Njk5fQ.kPxp7sqdA-ZkFnnZh5JxaUUECsE3E8M5OcniuOEpjUTCcDEc4mmLqwMsSk-2lQlPtaKSBrAFCEZRn0a0yrhjDg',
  role: 'admin',
  command: 'getBets' }
{ user_id: 1, premium: false, iat: 1560904699 }
sleeping
sleeping
sleeping
sleeping
sleeping
sleeping
sleeping
sleeping
sleeping
sleeping
sleeping
sleeping
sleeping
sleeping
sleeping
sleeping
sleeping
sleeping
sleeping
sleeping
sleeping
sleeping
sleeping
sleeping
sleeping
sleeping
sleeping
sleeping
sleeping
sleeping
sleeping
sleeping
sleeping
sleeping
sleeping
sleeping
sleeping
sleeping
sleeping
sleeping
sleeping
sleeping
sleeping
sleeping
sleeping
sleeping
sleeping
sleeping
sleeping
sleeping
sleeping
sleeping
sleeping
sleeping
sleeping
sleeping
sleeping
sleeping
sleeping
sleeping
sleeping
sleeping
sleeping
sleeping
sleeping
sleeping
sleeping
sleeping
sleeping
sleeping
sleeping
sleeping
sleeping
sleeping
sleeping
sleeping
sleeping
sleeping
sleeping
sleeping
sleeping
sleeping
sleeping
sleeping
sleeping
sleeping
sleeping
sleeping
sleeping
sleeping
sleeping
sleeping
sleeping
sleeping
sleeping
sleeping
sleeping
sleeping
sleeping
sleeping
sleeping
sleeping
sleeping
sleeping
sleeping
sleeping
sleeping
sleeping
sleeping
sleeping
sleeping
sleeping
sleeping
sleeping
sleeping
sleeping
sleeping
sleeping
sleeping
sleeping
sleeping
sleeping
sleeping
sleeping
sleeping
sleeping
sleeping
sleeping
sleeping
sleeping
sleeping
sleeping
sleeping
sleeping
sleeping
sleeping
sleeping
sleeping
sleeping
sleeping
sleeping
sleeping
sleeping
sleeping
sleeping
sleeping
sleeping
sleeping
sleeping
sleeping
sleeping
sleeping
sleeping
sleeping
sleeping
sleeping
sleeping
sleeping
sleeping
sleeping
sleeping
sleeping
sleeping
sleeping
sleeping
sleeping
sleeping
sleeping
sleeping
sleeping
sleeping
sleeping
sleeping
sleeping
sleeping
sleeping
sleeping
sleeping
sleeping
sleeping
sleeping
sleeping
sleeping
sleeping
sleeping
sleeping
sleeping
sleeping
sleeping
sleeping
sleeping
sleeping
sleeping
sleeping
sleeping
sleeping
sleeping
sleeping
sleeping
sleeping
sleeping
sleeping
sleeping
sleeping
sleeping
sleeping
sleeping
sleeping
sleeping
sleeping
sleeping
sleeping
sleeping
sleeping
sleeping
sleeping
sleeping
sleeping
sleeping
sleeping
sleeping
sleeping
sleeping
sleeping
sleeping
sleeping
sleeping
sleeping
sleeping
sleeping
sleeping
Wed Jun 19 2019 00:40:27 GMT+0000 (UTC) => /bets/, [object Object]
{ authorization: 'eyJhbGciOiJSUzI1NiIsInR5cCI6IkpXVCJ9.eyJ1c2VyX2lkIjoxLCJwcmVtaXVtIjpmYWxzZSwiaWF0IjoxNTYwOTA0Njk5fQ.kPxp7sqdA-ZkFnnZh5JxaUUECsE3E8M5OcniuOEpjUTCcDEc4mmLqwMsSk-2lQlPtaKSBrAFCEZRn0a0yrhjDg',
  role: 'admin',
  command: 'getBets' }
{ user_id: 1, premium: false, iat: 1560904699 }
sleeping
sleeping
sleeping
sleeping
sleeping
sleeping
sleeping
sleeping
sleeping
sleeping
sleeping
sleeping
sleeping
sleeping
sleeping
sleeping
sleeping
sleeping
sleeping
sleeping
sleeping
sleeping
sleeping
sleeping
sleeping
sleeping
sleeping
sleeping
sleeping
sleeping
sleeping
sleeping
sleeping
sleeping
sleeping
Wed Jun 19 2019 00:40:44 GMT+0000 (UTC) => /bets/, [object Object]
{ authorization: 'eyJhbGciOiJSUzI1NiIsInR5cCI6IkpXVCJ9.eyJ1c2VyX2lkIjoxLCJwcmVtaXVtIjpmYWxzZSwiaWF0IjoxNTYwOTA0Njk5fQ.kPxp7sqdA-ZkFnnZh5JxaUUECsE3E8M5OcniuOEpjUTCcDEc4mmLqwMsSk-2lQlPtaKSBrAFCEZRn0a0yrhjDg',
  role: 'admin',
  command: 'getBets' }
{ user_id: 1, premium: false, iat: 1560904699 }
sleeping
sleeping
sleeping
sleeping
sleeping
sleeping
sleeping
sleeping
sleeping
sleeping
sleeping
sleeping
sleeping
sleeping
sleeping
sleeping
sleeping
sleeping
sleeping
sleeping
sleeping
sleeping
sleeping
sleeping
sleeping
sleeping
sleeping
sleeping
sleeping
sleeping
sleeping
sleeping
Wed Jun 19 2019 00:41:00 GMT+0000 (UTC) => /bets/, [object Object]
{ authorization: 'eyJhbGciOiJSUzI1NiIsInR5cCI6IkpXVCJ9.eyJ1c2VyX2lkIjoxLCJwcmVtaXVtIjpmYWxzZSwiaWF0IjoxNTYwOTA0Njk5fQ.kPxp7sqdA-ZkFnnZh5JxaUUECsE3E8M5OcniuOEpjUTCcDEc4mmLqwMsSk-2lQlPtaKSBrAFCEZRn0a0yrhjDg',
  role: 'admin',
  command: 'getBets' }
{ user_id: 1, premium: false, iat: 1560904699 }
sleeping
sleeping
sleeping
sleeping
sleeping
sleeping
sleeping
sleeping
sleeping
sleeping
sleeping
sleeping
sleeping
sleeping
sleeping
sleeping
sleeping
sleeping
sleeping
sleeping
sleeping
sleeping
sleeping
sleeping
sleeping
sleeping
sleeping
sleeping
sleeping
sleeping
sleeping
Wed Jun 19 2019 00:41:16 GMT+0000 (UTC) => /bets/, [object Object]
{ authorization: 'eyJhbGciOiJSUzI1NiIsInR5cCI6IkpXVCJ9.eyJ1c2VyX2lkIjoxLCJwcmVtaXVtIjpmYWxzZSwiaWF0IjoxNTYwOTA0ODY5fQ.H3-eQLGjsp_tkkiXk3_82p4uEdXb_hjLrHhfFapImpurP0sf0VO7LU8mHp0wsqvwJggCme0V2KBGkgrSQiHuRg',
  role: 'admin',
  command: 'getBets' }
{ user_id: 1, premium: false, iat: 1560904869 }
sleeping
sleeping
sleeping
sleeping
sleeping
sleeping
sleeping
sleeping
sleeping
sleeping
sleeping
sleeping
sleeping
sleeping
sleeping
sleeping
sleeping
sleeping
sleeping
sleeping
sleeping
sleeping
sleeping
sleeping
sleeping
sleeping
sleeping
sleeping
sleeping
sleeping
sleeping
sleeping
sleeping
sleeping
sleeping
sleeping
sleeping
sleeping
sleeping
sleeping
sleeping
sleeping
sleeping
sleeping
sleeping
sleeping
sleeping
sleeping
sleeping
sleeping
sleeping
sleeping
sleeping
sleeping
sleeping
Wed Jun 19 2019 00:41:44 GMT+0000 (UTC) => /bets/, [object Object]
{ authorization: 'eyJhbGciOiJSUzI1NiIsInR5cCI6IkpXVCJ9.eyJ1c2VyX2lkIjoxLCJwcmVtaXVtIjpmYWxzZSwiaWF0IjoxNTYwOTA0ODY5fQ.H3-eQLGjsp_tkkiXk3_82p4uEdXb_hjLrHhfFapImpurP0sf0VO7LU8mHp0wsqvwJggCme0V2KBGkgrSQiHuRg',
  role: 'admin',
  command: 'getBets' }
{ user_id: 1, premium: false, iat: 1560904869 }
sleeping
sleeping
sleeping
sleeping
sleeping
sleeping
sleeping
sleeping
sleeping
sleeping
sleeping
sleeping
sleeping
sleeping
sleeping
sleeping
sleeping
sleeping
sleeping
sleeping
sleeping
sleeping
sleeping
sleeping
sleeping
sleeping
sleeping
sleeping
sleeping
sleeping
sleeping
sleeping
sleeping
sleeping
sleeping
sleeping
sleeping
sleeping
sleeping
sleeping
sleeping
sleeping
sleeping
sleeping
sleeping
sleeping
sleeping
sleeping
sleeping
sleeping
sleeping
sleeping
sleeping
sleeping
sleeping
sleeping
sleeping
sleeping
sleeping
sleeping
sleeping
sleeping
sleeping
sleeping
sleeping
sleeping
sleeping
sleeping
sleeping
sleeping
sleeping
sleeping
sleeping
sleeping
sleeping
sleeping
sleeping
sleeping
sleeping
sleeping
sleeping
sleeping
sleeping
sleeping
sleeping
sleeping
sleeping
sleeping
sleeping
sleeping
sleeping
sleeping
sleeping
sleeping
sleeping
sleeping
sleeping
sleeping
sleeping
sleeping
sleeping
sleeping
sleeping
sleeping
sleeping
sleeping
sleeping
sleeping
sleeping
sleeping
sleeping
sleeping
sleeping
sleeping
sleeping
sleeping
sleeping
sleeping
sleeping
sleeping
sleeping
sleeping
sleeping
sleeping
sleeping
sleeping
Wed Jun 19 2019 00:42:47 GMT+0000 (UTC) => /bets/, [object Object]
{ authorization: 'eyJhbGciOiJSUzI1NiIsInR5cCI6IkpXVCJ9.eyJ1c2VyX2lkIjoxLCJwcmVtaXVtIjpmYWxzZSwiaWF0IjoxNTYwOTA0OTU4fQ.aGG18zm-DBE-5SaSf_qcr5wT6nEUQ57P8auc1tCwzjG-3Ao-LsoQmUbDD0bSNE3iLWwYSw_HfBbeWXhuju1FMQ',
  role: 'admin',
  command: 'getBets' }
{ user_id: 1, premium: false, iat: 1560904958 }
sleeping
sleeping
sleeping
sleeping
sleeping
sleeping
sleeping
sleeping
sleeping
sleeping
sleeping
sleeping
sleeping
sleeping
sleeping
sleeping
sleeping
sleeping
sleeping
sleeping
sleeping
sleeping
sleeping
sleeping
sleeping
sleeping
sleeping
sleeping
sleeping
sleeping
sleeping
sleeping
sleeping
sleeping
sleeping
sleeping
sleeping
sleeping
sleeping
sleeping
sleeping
sleeping
sleeping
sleeping
sleeping
sleeping
sleeping
sleeping
sleeping
sleeping
sleeping
sleeping
sleeping
sleeping
sleeping
sleeping
sleeping
sleeping
sleeping
sleeping
sleeping
sleeping
sleeping
sleeping
sleeping
sleeping
sleeping
sleeping
sleeping
sleeping
sleeping
sleeping
sleeping
sleeping
sleeping
sleeping
sleeping
sleeping
sleeping
sleeping
sleeping
sleeping
sleeping
sleeping
sleeping
sleeping
sleeping
sleeping
sleeping
sleeping
sleeping
sleeping
sleeping
sleeping
sleeping
sleeping
sleeping
sleeping
sleeping
sleeping
sleeping
sleeping
sleeping
sleeping
sleeping
sleeping
sleeping
sleeping
sleeping
sleeping
sleeping
sleeping
sleeping
sleeping
sleeping
sleeping
sleeping
sleeping
sleeping
sleeping
sleeping
sleeping
sleeping
sleeping
sleeping
sleeping
sleeping
sleeping
sleeping
sleeping
sleeping
sleeping
sleeping
sleeping
sleeping
sleeping
sleeping
sleeping
sleeping
sleeping
sleeping
sleeping
sleeping
sleeping
sleeping
sleeping
sleeping
sleeping
sleeping
sleeping
sleeping
sleeping
sleeping
sleeping
sleeping
sleeping
sleeping
sleeping
sleeping
sleeping
sleeping
sleeping
sleeping
sleeping
sleeping
sleeping
sleeping
sleeping
sleeping
sleeping
sleeping
sleeping
sleeping
sleeping
sleeping
sleeping
sleeping
sleeping
sleeping
sleeping
sleeping
sleeping
sleeping
sleeping
sleeping
sleeping
sleeping
sleeping
sleeping
sleeping
sleeping
sleeping
sleeping
sleeping
sleeping
sleeping
sleeping
sleeping
sleeping
sleeping
sleeping
sleeping
sleeping
sleeping
sleeping
sleeping
sleeping
sleeping
sleeping
sleeping
sleeping
sleeping
sleeping
sleeping
sleeping
sleeping
sleeping
sleeping
sleeping
sleeping
sleeping
sleeping
sleeping
sleeping
sleeping
sleeping
sleeping
sleeping
sleeping
sleeping
sleeping
sleeping
sleeping
sleeping
sleeping
sleeping
sleeping
sleeping
sleeping
sleeping
sleeping
sleeping
sleeping
sleeping
sleeping
sleeping
sleeping
sleeping
sleeping
sleeping
sleeping
sleeping
sleeping
sleeping
sleeping
sleeping
sleeping
sleeping
sleeping
sleeping
sleeping
sleeping
sleeping
sleeping
sleeping
sleeping
sleeping
sleeping
sleeping
sleeping
Wed Jun 19 2019 00:45:02 GMT+0000 (UTC) => /bets/, [object Object]
{ authorization: '', role: 'admin', command: 'getBets' }
sleeping
sleeping
sleeping
sleeping
sleeping
sleeping
sleeping
sleeping
sleeping
sleeping
sleeping
sleeping
sleeping
sleeping
sleeping
sleeping
sleeping
sleeping
sleeping
sleeping
sleeping
sleeping
sleeping
sleeping
sleeping
Wed Jun 19 2019 00:45:15 GMT+0000 (UTC) => /bets/, [object Object]
{ authorization: 'eyJhbGciOiJSUzI1NiIsInR5cCI6IkpXVCJ9.eyJ1c2VyX2lkIjoxLCJwcmVtaXVtIjpmYWxzZSwiaWF0IjoxNTYwOTA1MTA4fQ.eg5KYtKhgi3IS_UWWM9BlmZhGBEliY5vEx8rFZ7QjPET3J40BYy9RT31iHi1rq95k5dqR-YDXIzXFIw3yGTPqg',
  role: 'admin',
  command: 'getBets' }
{ user_id: 1, premium: false, iat: 1560905108 }
sleeping
sleeping
sleeping
sleeping
sleeping
sleeping
sleeping
sleeping
sleeping
sleeping
sleeping
sleeping
sleeping
sleeping
sleeping
sleeping
sleeping
sleeping
sleeping
sleeping
sleeping
sleeping
sleeping
sleeping
sleeping
sleeping
sleeping
sleeping
sleeping
sleeping
sleeping
sleeping
sleeping
sleeping
sleeping
sleeping
sleeping
sleeping
sleeping
sleeping
sleeping
sleeping
sleeping
sleeping
sleeping
sleeping
sleeping
sleeping
sleeping
sleeping
sleeping
sleeping
sleeping
sleeping
sleeping
sleeping
sleeping
sleeping
sleeping
sleeping
sleeping
sleeping
sleeping
sleeping
sleeping
sleeping
sleeping
sleeping
sleeping
sleeping
sleeping
sleeping
sleeping
sleeping
sleeping
sleeping
sleeping
sleeping
sleeping
sleeping
sleeping
sleeping
sleeping
sleeping
sleeping
sleeping
sleeping
sleeping
sleeping
sleeping
sleeping
sleeping
sleeping
sleeping
sleeping
sleeping
sleeping
sleeping
sleeping
sleeping
sleeping
sleeping
sleeping
sleeping
sleeping
sleeping
sleeping
sleeping
sleeping
sleeping
sleeping
sleeping
sleeping
sleeping
sleeping
sleeping
sleeping
sleeping
sleeping
sleeping
sleeping
sleeping
sleeping
sleeping
sleeping
sleeping
sleeping
sleeping
sleeping
sleeping
sleeping
sleeping
sleeping
sleeping
sleeping
sleeping
sleeping
sleeping
sleeping
sleeping
sleeping
sleeping
sleeping
sleeping
sleeping
sleeping
sleeping
sleeping
sleeping
sleeping
sleeping
sleeping
sleeping
sleeping
sleeping
sleeping
sleeping
sleeping
sleeping
