[13 Mar 2019 15:51:24] DEBUG Executing SQL script
[13 Mar 2019 15:51:24] INFO ================================================================================
[13 Mar 2019 15:51:24] INFO onError= 'stop'
[13 Mar 2019 15:51:24] INFO autoCommit= 'false'
[13 Mar 2019 15:51:24] INFO username= 'root'
[13 Mar 2019 15:51:24] INFO outputPath= 'C:\WebRatio\WebRatio Community Platform 7.2.17.x64bit\workspace\BetESS\.Temp~\UpdateSQL.xml'
[13 Mar 2019 15:51:24] INFO outputLogPath= 'C:\WebRatio\WebRatio Community Platform 7.2.17.x64bit\workspace\BetESS\.Temp~\UpdateSQL.xml.log'
[13 Mar 2019 15:51:24] INFO encoding= ''
[13 Mar 2019 15:51:24] INFO driverClass= 'com.mysql.jdbc.Driver'
[13 Mar 2019 15:51:24] INFO sqlScript= 'C:\WebRatio\WebRatio Community Platform 7.2.17.x64bit\workspace\BetESS\.Temp~\UpdateSQL.sql'
[13 Mar 2019 15:51:24] INFO eventSocketPort= '51639'
[13 Mar 2019 15:51:24] INFO statementSeparator= ';'
[13 Mar 2019 15:51:24] INFO derby.system.home= 'C:\WebRatio\WebRatio Community Platform 7.2.17.x64bit\workspace\.metadata\.plugins\com.webratio.commons.db\derby'
[13 Mar 2019 15:51:24] INFO password= 'password'
[13 Mar 2019 15:51:24] INFO url= 'jdbc:mysql://localhost:3306/betess'
[13 Mar 2019 15:51:24] INFO ================================================================================
[13 Mar 2019 15:51:24] INFO Connecting to the Database...
[13 Mar 2019 15:51:25] INFO Database connection estabilished
[13 Mar 2019 15:51:25] INFO transaction isolation: 4
[13 Mar 2019 15:51:25] DEBUG ================================================================================
[13 Mar 2019 15:51:25] DEBUG Executing SQL script file: C:\WebRatio\WebRatio Community Platform 7.2.17.x64bit\workspace\BetESS\.Temp~\UpdateSQL.sql
[13 Mar 2019 15:51:25] DEBUG Executing statement:  create table `group` ( `oid`  integer  not null, `groupname`  varchar(255), primary key (`oid`) )
[13 Mar 2019 15:51:26] DEBUG Executing statement:    create table `module` ( `oid`  integer  not null, `moduleid`  varchar(255), `modulename`  varchar(255), primary key (`oid`) )
[13 Mar 2019 15:51:27] DEBUG Executing statement:    create table `user` ( `oid`  integer  not null, `username`  varchar(255), `password`  varchar(255), `email`  varchar(255), primary key (`oid`) )
[13 Mar 2019 15:51:27] DEBUG Executing statement:    alter table `group`  add column  `module_oid`  integer
[13 Mar 2019 15:51:28] DEBUG Executing statement:  alter table `group`   add index fk_group_module (`module_oid`), add constraint fk_group_module foreign key (`module_oid`) references `module` (`oid`)
[13 Mar 2019 15:51:29] DEBUG Executing statement:    create table `group_module` ( `group_oid`  integer not null, `module_oid`  integer not null, primary key (`group_oid`, `module_oid`) )
[13 Mar 2019 15:51:30] DEBUG Executing statement:  alter table `group_module`   add index fk_group_module_group (`group_oid`), add constraint fk_group_module_group foreign key (`group_oid`) references `group` (`oid`)
[13 Mar 2019 15:51:31] DEBUG Executing statement:  alter table `group_module`   add index fk_group_module_module (`module_oid`), add constraint fk_group_module_module foreign key (`module_oid`) references `module` (`oid`)
[13 Mar 2019 15:51:32] DEBUG Executing statement:    alter table `user`  add column  `group_oid`  integer
[13 Mar 2019 15:51:33] DEBUG Executing statement:  alter table `user`   add index fk_user_group (`group_oid`), add constraint fk_user_group foreign key (`group_oid`) references `group` (`oid`)
[13 Mar 2019 15:51:33] DEBUG Executing statement:    create table `user_group` ( `user_oid`  integer not null, `group_oid`  integer not null, primary key (`user_oid`, `group_oid`) )
[13 Mar 2019 15:51:34] DEBUG Executing statement:  alter table `user_group`   add index fk_user_group_user (`user_oid`), add constraint fk_user_group_user foreign key (`user_oid`) references `user` (`oid`)
[13 Mar 2019 15:51:35] DEBUG Executing statement:  alter table `user_group`   add index fk_user_group_group (`group_oid`), add constraint fk_user_group_group foreign key (`group_oid`) references `group` (`oid`)
[13 Mar 2019 15:51:36] DEBUG ================================================================================
[13 Mar 2019 15:51:36] DEBUG SQL SCRIPT SUCCESSFULLY EXECUTED
[13 Mar 2019 15:51:36] INFO Database connection closed
[13 Mar 2019 15:51:36] DEBUG Total time: 11232 milliseconds
